     0,     -0
     0,     -0
     0,     -0
    -0,      0
    -0,      0
    -0,      0
     0,     -0
     0,     -0
     0,     -0
    -0,      0
    -1,      1
    -3,      1
    -4,      2
    -5,      2
    -4,      2
     0,     -0
     7,     -3
    13,     -5
    18,     -7
    18,     -7
    12,     -4
    -0,      0
   -17,      5
   -32,      9
   -41,     11
   -39,     10
   -25,      7
     0,     -0
    32,     -9
    61,    -16
    76,    -20
    71,    -18
    45,    -10
    -1,     -0
   -55,     10
  -102,     18
  -126,     21
  -116,     18
   -71,     10
     1,      0
    83,    -10
   153,    -16
   187,    -18
   170,    -14
   103,     -8
    -1,     -0
  -116,      5
  -212,      8
  -255,      7
  -230,      3
  -138,      0
     1,      0
   153,      4
   277,     11
   332,     17
   298,     20
   179,     15
    -1,     -1
  -197,    -24
  -357,    -47
  -429,    -62
  -386,    -60
  -232,    -39
     1,      1
   258,     50
   469,     94
   572,    116
   525,    106
   323,     64
    -1,     -1
  -375,    -75
  -703,   -131
  -887,   -148
  -848,   -120
  -545,    -61
    -2,      3
   688,     43
  1367,     30
  1842,    -44
  1891,   -140
  1317,   -166
     5,     -3
 -2033,    481
 -4635,   1410
 -7418,   2851
 -9849,   4765
-11558,   6997
-12504,   9291
-12199,  11317
 -8703,  12714
   358,  13172
 13924,  12519
 24749,  10777
 23260,   8156
  7027,   5049
-13764,   1981
-23034,   -497
-13069,  -1947
  8093,  -2125
 24147,  -1040
 24935,   1016
 13232,   3495
  -844,   5705
 -9480,   6959
-11162,   6704
 -8052,   4641
 -2283,    809
  5021,  -4379
 12866, -10203
 19830, -15772
 24424, -20163
 25609, -22567
 23093, -22461
 17357, -19704
  9608, -14556
  1486,  -7624
 -5478,    230
-10255,   8014
-11778,  14796
 -8063,  19848
  2726,  22721
 18619,  23312
 31525,  21850
 31360,  18828
 14899,  14876
 -9663,  10642
-28449,   6688
-32402,   3382
-22001,    856
 -3731,   -966
 14739,  -2324
 25807,  -3528
 23122,  -4856
  6283,  -6455
-15666,  -8277
-28971, -10079
-25724, -11464
 -9617, -11950
  8757, -11094
 20961,  -8629
 24922,  -4555
 22625,    822
 16485,   6902
  8263,  12849
  -281,  17734
 -7138,  20725
-10566,  21243
 -9658,  19070
 -4668,  14434
  3034,   8009
 11354,    812
 18081,  -5996
 21380, -11280
 20167, -14118
 14474, -13996
  5570, -10895
 -4398,  -5286
-13013,   1968
-18084,   9758
-18104,  16914
-12741,  22432
 -3040,  25660
  8866,  26367
 20317,  24774
 28641,  21504
 31689,  17445
 28441,  13560
 19347,  10713
  6219,   9503
 -8287,  10162
-21391,  12514
-30814,  16009
-34604,  19830
-30505,  23066
-16892,  24859
  3671,  24565
 21993,  21897
 26508,  16976
 13303,  10316
 -8041,   2765
-21176,  -4566
-17451, -10552
 -3515, -14477
  5875, -16235
  1791, -15569
-12398, -11008
-26620,   -760
-33625,  13597
-32835,  24491
-27470,  22275
-20465,   4733
-13242, -17458
 -6566, -27598
 -1183, -17412
  2396,   5427
  4175,  24687
  4632,  29928
  4497,  23291
  4568,  14045
  5512,   9150
  7692,   9438
 11092,  12352
 15346,  15787
 19806,  19107
 23685,  22135
 26270,  24398
 27098,  25310
 26036,  24514
 23339,  21979
 19647,  17971
 15826,  13065
 12742,   8003
 11103,   3342
 11308,   -724
 13323,  -3601
 16660,  -3263
 20491,   2740
 23877,  13470
 25956,  21875
 26093,  18612
 24061,   1490
 20135, -19086
 14978, -26915
  9427, -14338
  4343,  10355
   442,  30414
 -1915,  35091
 -2818,  26501
 -2706,  14138
 -2198,   5354
 -1923,   1467
 -2372,    425
 -3702,    528
 -5634,   1364
 -7565,   2826
 -8759,   4417
 -8513,   5460
 -6337,   5475
 -2161,   4351
  3560,   2343
  9873,    -36
 15606,  -2173
 19812,  -3494
 22020,  -3584
 21639,  -2308
 17004,    120
  6266,   3213
 -8966,   6378
-21012,   9039
-20067,  10721
 -3811,  11191
 17089,  10528
 25892,   9034
 14292,   7065
-10018,   4944
-30709,   2892
-37105,    920
-30968,  -1205
-21131,  -3821
-14175,  -7167
-10690, -11279
 -8112, -15934
 -4628, -20585
  -198, -24375
  4512, -26360
  9021, -25818
 13002, -22427
 16074, -16356
 17854,  -8355
 18103,    270
 16775,   7955
 14025,  13302
 10219,  15331
  5885,  13671
  1610,   8742
 -2036,   1752
 -4574,  -5614
 -5695, -11653
 -5296, -14986
 -3478, -14827
  -515, -11256
  3204,  -5294
  7226,   1395
 11128,   6973
 14576,   9808
 17332,   8818
 19271,   3835
 20376,  -4251
 20678, -13733
 20204, -22533
 18942, -28605
 16849, -30339
 13842, -27023
  9835, -19084
  4817,  -7953
 -1068,   4314
 -7474,  15389
-13859,  23109
-19523,  26014
-23668,  23684
-25551,  16745
-24655,   6650
-20804,  -4573
-14236, -14697
 -5620, -21815
  3978, -24739
 13253, -23122
 20906, -17419
 25823,  -8791
 27241,   1121
 24915,  10594
 19162,  18177
 10791,  22852
   930,  24107
 -9153,  21993
-18235,  17071
-25372,  10197
-30044,   2321
-32163,  -5593
-32035, -12649
-30265, -18117
-27595, -21483
-24721, -22421
-22144, -20755
-20094, -16530
-18503, -10049
-17055,  -1854
-15286,   7297
-12724,  16457
 -9043,  24545
 -4164,  30510
  1699,  33520
  8019,  33075
 14035,  29095
 18904,  21994
 21834,  12667
 22243,   2348
 19899,  -7604
 14990, -15889
  8116, -21436
   188, -23605
 -7688, -22268
-14399, -17789
-19060, -10918
-21158,  -2647
-20615,   5927
-17819,  13816
-13555,  20285
 -8830,  24894
 -4632,  27502
 -1739,  28232
  -591,  27395
 -1174,  25387
 -3013,  22578
 -5306,  19271
 -7149,  15699
 -7721,  12023
 -6456,   8332
 -3199,   4688
  1726,   1179
  7606,  -2091
 13546,  -5044
 18643,  -7626
 22149,  -9794
 23668, -11559
 23274, -12996
 21435, -14193
 18844, -15194
 16293, -15985
 14502, -16503
 13917, -16620
 14605, -16165
 16283, -15009
 18448, -13156
 20509, -10793
 21900,  -8267
 22267,  -6072
 21597,  -4800
 20155,  -4988
 18361,  -6936
 16716, -10632
 15662, -15706
 15423, -21434
 15927, -26811
 16844, -30740
 17708, -32299
 18027, -30917
 17395, -26480
 15638, -19413
 12922, -10670
  9685,  -1527
  6519,   6710
  4070,  12932
  2903,  16401
  3329,  16950
  5319,  15018
  8510,  11512
 12300,   7554
 15953,   4249
 18717,   2469
 19995,   2625
 19480,   4537
 17176,   7536
 13356,  10664
  8530,  12874
  3343,  13253
 -1564,  11276
 -5668,   6963
 -8617,    847
-10271,  -6182
-10692, -13041
-10109, -18657
 -8838, -22242
 -7196, -23486
 -5452, -22624
 -3785, -20287
 -2252, -17138
  -818, -13640
   612, -10677
  2150, -10462
  3870, -15547
  5755, -25048
  7687, -31921
  9469, -26817
 10870,  -7607
 11676,  15128
 11823,  24955
 11421,  14035
 10522,  -9439
  9012, -28716
  7431, -32871
  8001, -23666
 13538, -10199
 23501,    461
 31151,   7089
 27317,  11583
  9785,  15192
-11293,  17600
-20094,  18092
 -9308,  16481
 12540,  13054
 28655,   8298
 28482,   2799
 14574,  -2741
 -3045,  -7614
-16526, -11251
-23940, -13292
-26601, -13617
-26307, -12395
-25513, -10051
-27244,  -7152
-31802,  -4269
-33671,  -1856
-24820,   -180
 -3763,    752
 19091,   1208
 28099,   1632
 16457,   2517
 -6629,   4286
-23712,   7187
-23824,  11219
 -9491,  16089
  8843,  21262
 22608,  26102
 29242,  29978
 29801,  32354
 25557,  32907
 17264,  31600
  6137,  28645
 -5737,  24409
-16094,  19356
-23243,  13962
-25775,   8598
-21717,   3488
 -9437,  -1277
  8786,  -5689
 24279,  -9766
 26129, -13489
 11036, -16741
-10977, -19271
-23354, -20738
-17493, -20783
  -343, -19108
 12842, -15577
 12570, -10299
  1680,  -3680
-10184,   3595
-16036,  10643
-15373,  16485
-11315,  20198
 -6595,  21094
 -2389,  18840
   776,  13549
  2327,   5810
  1831,  -3367
  -701, -12692
 -4828, -20797
 -9858, -26433
-14955, -28686
-19302, -27179
-22253, -22153
-23404, -14419
-22622,  -5243
-20048,   3832
-16052,  11275
-11131,  15893
 -5827,  17035
  -663,  14684
  3921,   9492
  7603,   2686
 10114,  -4201
 11266,  -9695
 11189, -12651
 10382, -12452
  8829,  -9160
  4890,  -3535
 -3709,   3175
-16026,   9584
-25111,  14445
-21786,  16875
 -4001,  16595
 17791,  14018
 27401,  10078
 17209,   5922
 -4463,   2650
-20915,   1083
-21591,   1491
 -8968,   3470
  6956,   6099
 18256,   8239
 23057,   8785
 22979,   6915
 19538,   2373
 13289,  -4366
  4819, -12238
 -4602, -19897
-13307, -25955
-19758, -29231
-22915, -29085
-22368, -25608
-18360, -19516
-11701, -11888
 -3632,  -3968
  4399,   3055
 11036,   8374
 15254,  11753
 16488,  13428
 14684,  13898
 10276,  13766
  4099,  13578
 -2813,  13574
 -9436,  13557
-14882,  13038
-18503,  11487
-19981,   8497
-19352,   3935
-16950,  -1873
-13309,  -8059
 -9107, -13430
 -5103, -16810
 -2028, -17267
  -470, -14313
  -813,  -8139
 -3219,    316
 -7536,   9581
-13254,  18045
-19567,  24238
-25488,  27093
-29967,  26260
-32034,  22238
-31019,  16183
-26756,   9566
-19667,   3884
-10692,    361
 -1199,   -406
  7187,   1382
 12925,   4846
 14938,   8709
 12820,  11567
  6925,  12198
 -1630,   9922
-11096,   4825
-19460,  -2291
-24938, -10137
-26315, -17157
-23153, -21836
-15955, -23088
 -6143, -20518
  4293, -14462
 13309,  -5885
 19204,   3785
 20928,  12912
 18374,  20042
 12470,  24196
  4885,  25062
 -2455,  22969
 -7767,  18583
 -9765,  12657
 -8044,   6607
 -3249,   3330
  3161,   6060
  9357,  14428
 13522,  21620
 14231,  18205
 10896,   1645
  3989, -18159
 -5124, -25565
-14590, -13407
-22424,   9692
-26896,  26887
-27025,  27551
-22872,  14113
-15433,  -3458
 -6312, -17275
  2571, -25514
  9348, -29801
 12703, -31544
 12188, -31037
  8192, -28425
  1725, -24353
 -5807, -19731
-12876, -15310
-18270, -11450
-21413,  -8112
-22332,  -4972
-21498,  -1583
-19704,   2451
-17869,   7321
-16705,  12873
-16510,  18530
-17257,  23348
-18704,  26305
-20239,  26753
-20921,  24646
-20586,  19885
-21085,  11326
-25212,  -2390
-32680, -19272
-37249, -31397
-30380, -28884
-10398,  -9518
 12220,  15767
 21552,  29824
 10369,  23889
-12595,   5187
-30275, -10420
-31928, -12657
-20103,  -3603
 -5011,   7593
  5252,  14071
  8757,  15266
  7240,  14162
  2569,  12522
 -4120,   8795
-11610,    196
-18195, -12539
-22115, -22418
-22142, -20209
-18001,  -3823
-10474,  16409
 -1159,  24482
  7965,  12960
 14906,  -9662
 18042, -26542
 16558, -27054
 10669, -13690
  1503,   3470
 -9240,  16415
-19625,  23194
-27828,  25360
-32612,  24394
-33626,  20849
-31349,  15285
-26875,   8872
-21684,   3081
-17309,   -841
-14909,  -2225
-14978,  -1066
-17303,   2041
-21107,   6077
-25204,   9817
-28245,  12092
-29095,  12075
-27124,   9499
-22273,   4685
-14985,  -1557
 -6145,  -8062
  3099, -13524
 11643, -16798
 18672, -17132
 23727, -14284
 26728,  -8534
 27962,   -639
 27982,   8282
 27417,  16995
 26807,  24376
 26521,  29553
 26752,  32023
 27490,  31730
 28536,  29038
 29600,  24622
 30411,  19339
 30719,  14085
 30282,   9667
 28923,   6683
 26541,   5432
 23066,   5903
 18471,   7808
 12821,  10624
  6316,  13663
  -685,  16203
 -7686,  17591
-14078,  17333
-19169,  15174
-22308,  11146
-23042,   5577
-21183,   -945
-16859,  -7652
-10536, -13706
 -2976, -18302
  4881, -20798
 12113, -20827
 17960, -18349
 21908, -13661
 23807,  -7361
 23898,   -263
 22711,   6723
 20910,  12742
 19171,  17120
 18049,  19444
 17850,  19634
 18579,  17943
 19975,  14886
 21615,  11133
 23042,   7388
 23839,   4276
 23757,   2231
 22802,   1433
 21184,   1799
 19221,   3037
 17277,   4710
 15663,   6330
 14526,   7449
 13801,   7766
 13241,   7156
 12509,   5655
 11262,   3451
  9239,    857
  6363,  -1771
  2816,  -4089
 -1010,  -5806
 -4609,  -6684
 -7440,  -6559
 -9040,  -5375
 -9155,  -3173
 -7822,    -62
 -5355,   3742
 -2278,   7894
   754,  11950
  3069,  15428
  4126,  17859
  3632,  18845
  1572,  18225
 -1812,  16128
 -6053,  12733
-10531,   8156
-14600,   3255
-17698,    630
-19397,   3476
-19443,  11561
-17778,  18351
-14536,  14743
 -9991,  -1583
 -4492, -20726
  1544, -27211
  7654, -14122
 13372,   9654
 18270,  27079
 21981,  27535
 24225,  13725
 24860,  -3916
 23949, -16953
 21771, -23036
 18774, -23430
 15536, -19495
 12721, -11858
 10935,  -1375
 10566,  10327
 11740,  21224
 14287,  29469
 17739,  33840
 21408,  33910
 24534,  30028
 26492,  23160
 26940,  14690
 25859,   6143
 23601,  -1168
 20871,  -6399
 18516,  -9258
 17286,  -9977
 17674,  -9224
 19785,  -7924
 23256,  -6995
 27272,  -7119
 30742,  -8630
 32590, -11483
 31983, -15265
 28475, -19300
 22159, -22844
 13723, -25276
  4280, -26203
 -4950, -25540
-12839, -23560
-18532, -20807
-21671, -17958
-22469, -15692
-21563, -14542
-19757, -14747
-17814, -16210
-16298, -18511
-15364, -20990
-14671, -22886
-13563, -23501
-11328, -22388
 -7414, -19491
 -1607, -15145
  5782, -10044
 13841,  -5160
 21259,  -1526
 26667,     40
 28885,   -915
 27174,  -4373
 21499,  -9804
 12636, -16227
  2001, -22407
 -8684, -27182
-17685, -29688
-23558, -29485
-25521, -26694
-23646, -22023
-18835, -16535
-12507, -11326
 -6092,  -7299
  -656,  -4981
  2616,  -4343
  1584,  -4760
 -5911,  -5232
-18370,  -4715
-28051,  -2382
-24962,   2167
 -6544,   8700
 16728,  16276
 28197,  23480
 19519,  28813
 -1801,  30978
-19756,  29156
-24061,  23297
-16863,  14235
 -7326,   3489
 -2258,  -7132
 -2318, -15835
 -4811, -21179
 -7619, -22462
-10246, -19918
-12755, -14576
-14946,  -7956
-16448,  -1774
-16999,   2409
-16466,   3607
-14758,   1664
-11848,  -2783
 -7787,  -8523
 -2706, -14005
  3173, -17653
  9528, -18279
 15924, -15386
 21861,  -9213
 26854,   -603
 30481,   9129
 32416,  18425
 32497,  25867
 30746,  30460
 27350,  31722
 22617,  29675
 16938,  24809
 10740,  17973
  4419,  10123
 -1698,   2105
 -7363,  -5396
-12412, -11889
-16756, -17105
-20358, -20977
-23226, -23550
-25390, -24884
-26883, -25077
-27750, -24322
-28048, -22895
-27830, -21123
-27150, -19414
-26070, -18265
-24641, -18110
-22896, -19175
-20852, -21433
-18505, -24566
-15815, -27943
-12731, -30677
 -9208, -31819
 -5198, -30588
  -693, -26544
  4235, -19691
  9426, -10545
 14620,   -134
 19447,  10197
 23437,  19084
 26071,  25357
 26863,  28221
 25448,  27454
 21648,  23462
 15569,  17160
  7663,   9729
 -1288,   2405
-10256,  -3723
-18100,  -7954
-23709, -10106
-26205, -10453
-25168,  -9578
-20727,  -8211
-13559,  -7053
 -4833,  -6568
  3941,  -6840
 11183,  -7598
 15582,  -8336
 16322,  -8431
 13228,  -7296
  6856,  -4562
 -1561,   -228
-10292,   5348
-17536,  11556
-21982,  17620
-23128,  22709
-20647,  26148
-13377,  27546
  -112,  26811
 16889,  24102
 29407,  19794
 27330,  14399
  8312,   8415
-16702,   2228
-30420,  -3874
-23814,  -9694
 -3796, -15096
 14024, -19951
 19499, -24064
 14635, -27126
  8191, -28762
  6367, -28608
  9122, -26380
 13090, -21962
 15620, -15494
 15929,  -7435
 14119,   1480
 10347,  10351
  4903,  18202
 -1571,  24112
 -8198,  27391
-14075,  27687
-18323,  25023
-20251,  19786
-19703,  12670
-17168,   4585
-12871,  -3500
 -5620, -10706
  6291, -16329
 21350, -19919
 32153, -21324
 29260, -20690
 10615, -18426
-13072, -15115
-25157, -11441
-17451,  -8124
  2289,  -5828
 17815,  -5042
 18790,  -6014
  7622,  -8734
 -6030, -12887
-14786, -17837
-17433, -22713
-16224, -26547
-13129, -28406
 -8864, -27541
 -3847, -23565
  1138, -16603
  5160,  -7325
  7552,   3139
  8099,  13343
  7012,  21705
  4846,  26820
  2370,  27781
   397,  24355
  -399,  17047
   362,   7077
  2658,  -3772
  5997, -13489
  9564, -20257
 12607, -22772
 14680, -20476
 14976, -13724
 11398,  -3768
  1592,   7499
-13227,  17943
-25562,  25566
-25544,  28865
-10493,  27162
  9549,  20774
 18525,  10912
  8630,   -589
-12284, -11592
-28147, -20039
-29011, -24393
-17791, -23938
 -4644, -18864
  2705, -10193
  2932,    404
 -1538,  10907
 -8303,  19367
-16019,  24278
-23573,  24791
-29587,  20835
-32781,  13122
-32440,   3014
-28646,  -7775
-22252, -17489
-14652, -24586
 -7437, -27983
 -2093, -27214
   292, -22489
  -704, -14590
 -4723,  -4715
-10726,   5691
-17268,  15172
-22785,  22481
-25870,  26746
-25604,  27561
-21790,  25014
-14925,  19659
 -6023,  12421
  3552,   4443
 12329,  -3090
 19060,  -9120
 22964, -12849
 23774, -13855
 21677, -12164
 17245,  -8208
 11306,  -2739
  4704,   3297
 -1892,   8923
 -7998,  13300
-13305,  15901
-17661,  16594
-21008,  15631
-23263,  13595
-24240,  11300
-23698,   9586
-21433,   9098
-17339,  10154
-11487,  12678
 -4230,  16195
  3752,  19905
 11536,  22867
 18125,  24256
 22562,  23557
 24100,  20655
 22379,  15896
 17526,  10089
 10148,   4303
  1217,   -435
 -8044,  -3330
-16329,  -3953
-22489,  -2368
-25700,    854
-25562,   4818
-22129,   8605
-15896,  11488
 -7721,  13051
  1338,  13337
 10177,  12900
 17773,  12558
 23315,  13078
 26291,  14963
 26513,  18303
 24110,  22629
 19477,  26903
 13206,  29799
  5986,  30110
 -1479,  27035
 -8529,  20369
-14604,  10706
-19276,   -532
-22179, -11426
-23073, -20058
-22081, -24864
-19757, -24942
-16208, -20374
 -9993, -12312
   922,  -2679
 15340,   6323
 26080,  12633
 23791,  14728
  6355,  12065
-15720,   5279
-26087,  -3962
-16864, -13454
  3938, -21127
 19923, -25541
 20760, -25534
  9023, -19430
 -5344,  -5884
-14647,  12633
-17390,  27401
-15643,  27622
-11360,  10307
 -5443, -14038
  1345, -28285
  7800, -23302
 12570,  -5635
 14630,   9662
 13559,  13026
  9574,   6945
  3437,    489
 -3771,    -16
-10854,   5292
-16691,  12750
-20482,  19309
-21895,  23751
-21032,  25746
-18294,  25074
-14256,  21731
 -9547,  16151
 -4658,   9080
   177,   1339
  4927,  -6280
  9649, -13102
 14410, -18677
 19190, -22793
 23773, -25429
 27692, -26707
 30336, -26854
 31132, -26180
 29672, -25023
 25834, -23705
 19918, -22528
 12690, -21776
  5244, -21654
 -1225, -22256
 -5603, -23575
 -7073, -25474
 -5356, -27679
  -798, -29815
  5619, -31444
 12515, -32123
 18588, -31482
 22928, -29276
 24460, -25435
 21068, -20107
 10585, -13651
 -5434,  -6592
-19070,    414
-20038,   6671
 -5338,  11540
 15145,  14509
 25328,  15283
 17241,  13836
 -1525,  10419
-15225,   5549
-14229,    -49
 -1688,  -5537
 12097, -10065
 19326, -12891
 18685, -13481
 12686, -11598
  3861,  -7357
 -6286,  -1215
-16441,   6068
-24979,  13522
-30321,  20097
-31438,  24806
-28093,  26877
-20842,  25865
-10887,  21734
   208,  14889
 10781,   6135
 19335,  -3427
 24825, -12571
 26828, -20099
 25524, -25023
 21538, -26750
 15786, -25163
  9305, -20617
  2999, -13889
 -2536,  -6059
 -7004,   1679
-10312,   8257
-12506,  12888
-13694,  15163
-13916,  15116
-13036,  13198
-10848,  10125
 -7244,   6690
 -2281,   3586
  3775,   1283
 10355,    -87
 16584,   -756
 21489,  -1210
 24288,  -2021
 24553,  -3687
 22292,  -6489
 18074, -10374
 13012, -14894
  8472, -19295
  5692, -22694
  5530, -24248
  8281, -23314
 13500, -19632
 19993, -13431
 26112,  -5398
 30203,   3475
 30943,  12022
 27581,  19078
 20203,  23717
  9810,  25411
 -1951,  24069
-13260,  20011
-22469,  13902
-28386,   6639
-30623,   -836
-29726,  -7695
-26926, -13293
-23714, -17232
-21504, -19371
-21312, -19788
-23406, -18702
-27148, -16379
-31218, -13092
-34022,  -9085
-34052,  -4545
-30225,    381
-22267,   5549
-10924,  10786
  2227,  15872
 15187,  20537
 25869,  24475
 32500,  27382
 34101,  29029
 30744,  29318
 23469,  28368
 13995,  26491
  4408,  23927
 -3248,  20708
 -7487,  17430
 -7725,  16286
 -4377,  20009
  1333,  27967
  7854,  33372
 13734,  27080
 17238,   6987
 15639, -16521
  6327, -27326
 -9371, -17837
-23495,   3643
-25497,  20453
-12004,  22035
  7463,  10800
 17115,  -3420
  9136, -12989
 -8918, -16428
-21498, -15788
-19247, -12971
 -5605,  -8790
  8892,  -3880
 16341,    720
 15491,   3863
  9058,   4758
  -124,   3237
-10229,   -241
-19685,  -4728
-26755,  -9031
-29958, -11955
-28572, -12550
-22849, -10363
-13948,  -5579
 -3666,   1031
  5950,   8298
 12991,  14859
 16035,  19409
 14468,  21012
  8630,  19308
  -274,  14556
-10463,   7555
-19903,   -484
-26665,  -8155
-29354, -14165
-27391, -17574
-21071, -17931
-11453, -15331
  -176, -10391
 10848,  -4120
 19845,   2318
 25518,   7833
 27232,  11577
 25081,  13108
 19870,  12458
 12933,  10093
  5826,   6783
    28,   3444
 -3303,    949
 -3522,    -71
  -600,    652
  4884,   2981
 11894,   6408
 19148,  10163
 25311,  13379
 29237,  15313
 30168,  15517
 27830,  13928
 22445,  10908
 14687,   7215
  5564,   3822
 -3797,   1692
-12319,   1579
-19110,   3849
-23588,   8360
-25538,  14428
-25073,  20882
-22523,  26358
-18332,  29793
-12995,  30689
 -6949,  28476
  -502,  21561
  6103,   8222
 12605,  -9749
 18680, -24432
 23931, -25749
 27876, -11074
 29947,   9242
 29655,  18722
 26791,   9236
 21523, -11473
 14396, -27210
  6354, -27616
 -1329, -14946
 -7325,   1319
-10619,  13871
-10694,  21397
 -7630,  25839
 -2200,  28583
  4195,  29519
  9869,  28160
 13319,  24551
 13526,  19198
 10142,  12772
  3681,   6029
 -4490,   -180
-12523,  -5034
-18627,  -7894
-21447,  -8375
-20329,  -6423
-15591,  -2380
 -8581,   3047
 -1282,   8899
  4276,  14130
  6442,  17769
  4294,  19075
 -2008,  17693
-11109,  13733
-20842,   7741
-28861,    608
-33123,  -6566
-32289, -12656
-26183, -16706
-15974, -18098
 -3817, -16647
  7786, -12628
 16474,  -6739
 20492,      9
 19241,   6460
 13524,  11500
  5232,  14224
 -3248,  14088
 -9525,  10988
-11701,   5283
 -8963,  -2264
 -1894, -10603
  7779, -18546
 17735, -24971
 25520, -28986
 29055, -30041
 27260, -28014
 20422, -23216
 10009, -16323
 -1807,  -8228
-12565,     98
-19989,   7742
-22636,  14000
-20287,  18474
-13838,  21068
 -4927,  21950
  4401,  21480
 12097,  20126
 16699,  18352
 17721,  16525
 15569,  14891
 11254,  13595
  6151,  12705
  1678,  12205
 -1186,  12052
 -2217,  12225
 -1832,  12684
  -826,  13305
  -153,  13887
  -666,  14170
 -2730,  13827
 -5984,  12491
 -9512,   9872
-12149,   5898
-12730,    767
-10368,  -5066
 -4827, -10895
  3276, -15827
 12626, -18988
 21565, -19775
 28367, -17986
 31546, -13861
 30276,  -8122
 24630,  -1898
 15486,   3537
  4246,   7099
 -7409,   8118
-17791,   6453
-25621,   2611
-30297,  -2292
-31849,  -6819
-30765,  -9603
-27844,  -9637
-24003,  -6483
-19977,   -468
-16125,   7290
-12484,  15158
 -8926,  21419
 -5276,  24604
 -1424,  23787
  2491,  18886
  5966,  10765
  8288,   1014
  8783,  -8469
  6955, -15829
  2639, -19605
 -3813, -19132
-11483, -14737
-19074,  -7608
-25222,    548
-28741,   7820
-28840,  12455
-25387,  13305
-19030,  10099
-11085,   3422
 -3174,  -5514
  3291, -15106
  7455, -23639
  8496, -29718
  4698, -32576
 -5662, -32096
-20731, -28693
-32531, -23217
-30978, -16761
-13553, -10338
  9121,  -4655
 20185,    -93
 11106,   3221
-10745,   5359
-29400,   6516
-34512,   6830
-28076,   6247
-19042,   4603
-14006,   1765
-13464,  -2313
-14641,  -7512
-15436, -13433
-15487, -19365
-15015, -24420
-14003, -27781
-12523, -28841
-11039, -27308
 -9514, -23362
 -6218, -17692
  1301, -11318
 12344,  -5320
 20274,   -654
 16255,   2021
 -1453,   2538
-22172,   1278
-29616,   -976
-16192,  -3276
  9606,  -4733
 30762,  -4703
 36286,  -3008
 28164,    -34
 15884,   3392
  6892,   6226
  2679,   7416
  1418,   6158
  1610,   2141
  2958,  -4312
  5380, -12288
  8340, -20454
 11062, -27281
 12903, -31319
 13576, -31528
 13166, -27517
 12014, -19689
 10536,  -9135
  9098,   2754
  7921,  14601
  6957,  24533
  5851,  29390
  4086,  25900
  1203,  14659
 -3059,   2928
 -8655,    749
-15134,  11361
-21621,  25576
-27010,  28357
-30264,  12921
-30624, -12002
-27764, -29741
-21956, -30120
-14116, -16222
 -5608,   1267
  2091,  13827
  7634,  19220
 10031,  18957
  8915,  14686
  4631,   7277
 -1882,  -2296
 -9364, -12469
-16487, -21485
-22071, -27922
-25382, -31053
-26305, -30935
-25246, -28267
-22940, -24102
-20276, -19609
-18074, -15820
-16820, -13351
-16523, -12239
-16766, -12048
-16865, -12109
-16047, -11733
-13658, -10377
 -9397,  -7884
 -3500,  -4633
  3249,  -1372
  9740,   1066
 14949,   1947
 18232,    818
 18751,  -2255
 14571,  -6598
  3641, -11122
-12484, -14662
-25982, -16215
-26735, -15144
-11973, -11448
  8158,  -5863
 17385,    363
  7671,   5833
-13301,   9274
-29505,   9806
-30844,   7244
-19872,   2237
 -6271,  -3943
  2688,  -9749
  6015, -13674
  6237, -14548
  5541, -11895
  4716,  -6117
  4059,   1649
  4035,   9854
  5064,  16823
  7190,  21077
 10010,  21733
 12798,  18736
 14688,  12799
 14901,   5170
 12931,  -2597
  8678,  -8949
  2513, -12729
 -4727, -13435
-11892, -11246
-17773,  -6902
-21311,  -1543
-21798,   3539
-19052,   7248
-13496,   8951
 -6066,   8554
  1985,   6478
  9299,   3583
 14650,    956
 17214,   -375
 16740,    311
 13620,   3282
  8748,   8281
  3113,  14550
 -2481,  20960
 -6826,  26268
 -7438,  29353
 -1609,  29430
  9747,  26241
 19373,  20140
 17559,  12025
  1719,   3170
-18070,  -4979
-25800, -11085
-13841, -14235
  9658, -14121
 28231, -11081
 31454,  -6063
 21727,   -486
  8750,   4081
   -46,   6302
 -3416,   5349
 -3603,   1057
 -2557,  -5987
  -940, -14501
   943, -22797
  2499, -29217
  3086, -32467
  2381, -31847
   525, -27463
 -1937, -20285
 -4208, -11885
 -5467,  -4000
 -5043,   1783
 -2573,   4324
  1878,   3241
  7776,   -978
 14226,  -7166
 20210, -13872
 24765, -19678
 27145, -23464
 27011, -24748
 24524, -23864
 20260, -21737
 15011, -19533
  9638, -18373
  4912, -19048
  1306, -21680
 -1117, -25587
 -2625, -29485
 -3672, -31880
 -4764, -31389
 -6330, -27071
 -8539, -18794
-11205,  -7433
-13870,   5334
-15979,  17431
-17004,  26724
-16571,  31430
-14632,  30600
-11547,  24385
 -7975,  13962
 -4675,   1235
 -2362, -11481
 -1553, -21863
 -2363, -28114
 -4430, -29341
 -7013, -25620
 -9188, -17890
-10021,  -7781
 -8769,   2695
 -5094,  11596
   804,  17437
  8228,  19367
 16167,  17211
 23448,  11475
 28915,   3229
 31701,  -6186
 31391, -15434
 28046, -23326
 22112, -28933
 14341, -31695
  5676, -31444
 -2973, -28319
-10880, -22673
-17531, -15048
-22613,  -6132
-26006,   3316
-27739,  12518
-27905,  20708
-26587,  27153
-23886,  31247
-19975,  32615
-15120,  31142
 -9687,  26996
 -4170,  20652
   801,  12857
  4571,   4514
  6613,  -3458
  6594, -10246
  4461, -15243
   513, -18180
 -4608, -19148
-10023, -18554
-14793, -17039
-18064, -15363
-19208, -14243
-17979, -14218
-14576, -15538
 -9585, -18111
 -3856, -21508
  1635, -25040
  5977, -27870
  8518, -29161
  9000, -28245
  7653, -24753
  5099, -18695
  1985, -10501
 -1223,   -985
 -3581,   8767
 -2749,  17542
  3955,  24173
 15703,  27737
 25393,  27683
 23489,  23951
  7519,  16994
-12423,   7731
-20418,  -2569
 -9018, -12473
 13388, -20588
 30119, -25770
 30636, -27319
 17381, -25085
   297, -19562
-12727, -11770
-19815,  -2859
-22508,   6165
-22100,  13822
-18764,  17278
-12619,  13467
 -4468,   3018
  4408,  -6966
 12682,  -6768
 19249,   6432
 23318,  22998
 24483,  27498
 22749,  12892
 18496, -12156
 12394, -30853
  5268, -32740
 -2040, -20498
 -8763,  -4382
-14311,   7422
-18315,  12845
-20623,  13404
-21267,  10582
-20407,   4947
-18277,  -2858
-15128, -11472
-11189, -19140
 -6671, -24271
 -1776, -25794
  3274, -23297
  8206, -17090
 12676,  -8141
 16259,   2077
 18494,  11837
 18949,  19478
 17286,  23685
 13353,  23706
  7266,  19488
  -554,  11687
 -9389,   1562
-18289,  -9259
-26165, -19046
-31875, -26238
-34489, -29733
-33684, -29055
-29887, -24409
-23458, -16633
-13575,  -7047
   977,   2780
 18201,  11351
 30306,  17484
 27643,  20479
  8233,  20233
-16833,  17235
-30321,  12416
-23406,   6913
 -3284,   1832
 14165,  -1947
 18656,  -3958
 12276,  -4244
  4070,  -3281
   668,  -1812
  2533,   -666
  6780,   -575
 11088,  -1973
 14755,  -4861
 17681,  -8836
 19585, -13226
 20126, -17228
 19178, -20051
 16866, -21126
 13463, -20263
  9345, -17640
  4940, -13689
   670,  -9039
 -3097,  -4405
 -6072,   -396
 -8043,   2596
 -8908,   4330
 -8693,   4709
 -7523,   4001
 -5599,   2869
 -3169,   1393
  -498,  -2095
  2244,  -9981
  4977, -21447
  7465, -29674
  9234, -25584
 10434,  -7140
 12908,  15294
 19179,  25670
 28567,  16451
 34399,  -4053
 27780, -19245
  6950, -18792
-17333,  -5502
-28596,  10293
-18964,  20498
  3439,  23289
 21988,  20541
 26029,  14234
 17754,   5550
  6681,  -4318
    87, -13759
  -913, -21129
  1318, -25265
  4669, -25844
  8236, -23430
 11427, -19202
 13385, -14534
 13247, -10675
 10552,  -8487
  5430,  -8152
 -1429,  -9049
 -8966, -10025
-16053,  -9829
-21723,  -7434
-25323,  -2297
-26710,   5355
-26309,  14415
-24931,  23195
-23489,  29947
-22790,  33225
-23340,  32181
-25136,  26924
-27615,  18639
-29819,   9266
-30693,    948
-29346,  -4372
-25255,  -5355
-18507,  -1700
 -9903,   5672
  -785,  14890
  7293,  23650
 12821,  29656
 14632,  31073
 12231,  27051
  5944,  18004
 -3156,   5436
-13507,  -8488
-23326, -21344
-30908, -30905
-35022, -35724
-35181, -35488
-31644, -30955
-25298, -23673
-17503, -15673
 -9826,  -9043
 -3676,  -5370
   -41,  -5363
   635,  -8788
 -1541, -14619
 -5971, -21241
-11704, -26786
-17685, -29624
-23015, -28757
-27049, -23953
-29460, -15732
-30294,  -5297
-29898,   5709
-28785,  15616
-27495,  23064
-26492,  27197
-26092,  27793
-26423,  25294
-27381,  20672
-28699,  15163
-30034,  10001
-30991,   6196
-31178,   4318
-30290,   4400
-28150,   5967
-24707,   8177
-20067,  10018
-14483,  10543
 -8335,   9125
 -2104,   5630
  3683,    456
  8511,  -5527
 11913, -11091
 13548, -14927
 13251, -15971
 11049, -13631
  7174,  -7928
  2044,    443
 -3799,  10175
 -9738,  19610
-15160,  27125
-19543,  31438
-22510,  31831
-23894,  28372
-23757,  21965
-22437,  14116
-20452,   6568
-18176,    982
-15677,  -1389
-13499,    -20
-13685,   4728
-18760,  11666
-27890,  19154
-34131,  25656
-28248,  30105
 -8129,  31420
 15776,  27666
 27222,  16935
 18503,    932
 -2164, -12445
-18163, -13108
-18935,   1527
 -6836,  20972
  8357,  28590
 19000,  16184
 23524,  -8428
 23816, -28806
 21537, -34140
 17221, -26028
 11277, -13237
  4664,  -2512
 -1345,   5138
 -5614,  11631
 -7412,  17938
 -6475,  23143
 -3013,  25761
  2370,  24917
  8792,  20435
 15228,  12682
 20698,   2604
 24433,  -8249
 25942, -18028
 25031, -25030
 21804, -27987
 16625, -26296
 10012, -20255
  2537, -11099
 -5205,   -701
-12648,   8877
-19292,  15760
-24716,  18604
-28586,  16954
-30645,  11398
-30748,   3375
-28899,  -5203
-25264, -12317
-20177, -16222
-14135, -15879
 -7791, -11218
 -1873,  -3078
  2919,   7058
  5976,  17341
  6876,  25887
  5480,  31225
  1947,  32616
 -3271,  30084
 -9489,  24295
-15881,  16409
-21596,   7839
-25904,   -126
-28309,  -6598
-28604, -11161
-26926, -13844
-23732, -15062
-19701, -15467
-15601, -15692
-12180, -16150
-10014, -16975
 -9368, -18051
-10173, -19039
-12041, -19477
-14336, -18965
-16312, -17322
-17272, -14611
-16750, -11109
-14639,  -7296
-11206,  -3760
 -7083,  -1032
 -3181,    529
  -483,    786
   190,   -168
 -1657,  -2021
 -6042,  -4291
-12444,  -6445
-19847,  -8001
-26895,  -8591
-32153,  -7999
-34364,  -6195
-32682,  -3336
-26878,    279
-17446,   4272
 -5604,   8228
  6968,  11732
 18612,  14434
 28043,  16091
 33818,  16595
 33474,  15983
 24581,  14435
  8544,  12275
 -6726,   9932
-10786,   7872
  -319,   6527
 15242,   6255
 20377,   7254
  7722,   9514
-14550,  12819
-30195,  16765
-29239,  20811
-14692,  24369
  3040,  26885
 15814,  27945
 21752,  27347
 22620,  25135
 20115,  21596
 14889,  17233
  7499,  12673
  -981,   8564
 -9251,   5478
-16239,   3798
-21338,   3636
-24440,   4823
-25854,   6845
-26166,   8960
-26079,  10578
-26221,  11451
-26994,  10940
-28453,   7044
-30309,  -2585
-32040, -16788
-33015, -28176
-32616, -27010
-30401, -10700
-26259,  10692
-20406,  21148
-13310,  12946
 -5644,  -5951
  1808, -19386
  8332, -17404
 13387,  -3011
 16633,  13431
 17932,  23911
 17324,  26773
 15005,  24107
 11237,  18052
  6272,   9824
   392,    561
 -6080,  -8183
-12776, -14804
-19257, -18157
-25002, -17863
-29416, -14337
-31908,  -8625
-32008,  -2101
-29447,   3807
-24234,   7878
-16721,   9385
 -7618,   8264
  2082,   5033
 11259,    558
 18788,  -4145
 23703,  -8103
 25381, -10663
 23637, -11659
 18748, -11334
 11425, -10142
  2711,  -8606
 -6174,  -7183
-14035,  -6048
-19885,  -4981
-23067,  -3510
-23380,  -1137
-21083,   2506
-16827,   7524
-11527,  13589
 -6206,  19874
 -1802,  25246
  1024,  28601
  1993,  29070
  1239,  26189
  -724,  20118
 -3095,  11704
 -4984,   2262
 -5620,  -6790
 -4518, -14190
 -1577, -19042
  2873, -21097
  8109, -20851
 13174, -19315
 17125, -17678
 19218, -17030
 19051, -18107
 16689, -21013
 12688, -25107
  7954, -29205
  3505, -31939
   277, -32065
 -1071, -28744
  -335, -21859
  2147, -12171
  5529,  -1147
  8739,   9411
 10932,  17671
 11739,  22112
 10627,  21934
  5947,  17272
 -4189,   9124
-18284,   -920
-28824, -10953
-26196, -19085
 -8257, -23892
 14192, -24712
 24413, -21664
 14221, -15544
 -8726,  -7642
-28399,    522
-33853,   7594
-24970,  12687
 -8124,  15530
  9274,  16402
 19722,  15799
 16593,  14180
  -369,  12545
-20663,  13270
-28699,  19048
-17190,  29045
  5435,  36135
 22363,  30781
 22902,  10598
  9470, -14100
 -7903, -27052
-21215, -20392
-28471,  -2043
-31107,  11755
-30424,  10787
-26748,  -2371
-20402, -17845
-12332, -28020
 -3846, -31478
  3860, -30328
 10028, -26450
 14421, -20527
 17244, -13034
 18991,  -4919
 20285,   2633
 21694,   8627
 23516,  12474
 25656,  14012
 27678,  13483
 28951,  11456
 28809,   8706
 26721,   6059
 22497,   4227
 16439,   3684
  9346,   4597
  2301,   6827
 -3733,   9972
 -8178,  13447
-10235,  16630
 -7961,  18991
   769,  20162
 14531,  19991
 25687,  18569
 24323,  16179
  7853,  13206
-13439,  10051
-23222,   7065
-13507,   4475
  7869,   2360
 24649,    663
 26469,   -758
 15613,  -2059
  1555,  -3362
 -8514,  -4695
-13539,  -5953
-15848,  -6912
-17332,  -7271
-18432,  -6701
-19127,  -4929
-19700,  -1802
-20573,   2650
-21958,   8181
-23764,  14347
-25686,  20556
-27241,  26116
-27853,  30340
-26973,  32646
-24201,  32642
-19364,  30196
-12583,  25473
 -4311,  18940
  4703,  11308
 13484,   3469
 20971,  -3624
 26180,  -9108
 28345, -12292
 27060, -12777
 22408, -10547
 14963,  -5958
  5719,    320
 -4056,   7411
-12987,  14361
-19825,  20289
-23712,  24592
-24320,  27028
-21869,  27695
-17106,  27007
-11189,  25615
 -5424,  24187
  -945,  23199
  1494,  22804
  1639,  22808
  -191,  22669
 -3154,  21590
 -6128,  18755
 -8041,  13625
 -8129,   6117
 -6092,  -3323
 -2235, -13713
  2519, -23614
  6879, -31437
  9551, -35864
  9512, -36125
  6240, -32141
   -72, -24658
 -8462, -15201
-17415,  -5736
-25251,   1826
-30442,   5980
-31891,   5908
-29245,   1747
-23045,  -5367
-14556, -13588
 -5415, -20845
  2653, -25253
  8152, -25461
 10184, -21031
  8660, -12609
  4225,  -1718
 -2012,   9677
 -8702,  19539
-14502,  26128
-18429,  28456
-20093,  26537
-19634,  21255
-17521,  14039
-14414,   6558
-10996,    393
 -7714,  -3412
 -4620,  -4616
 -1488,  -3694
  1973,  -1582
  5983,    557
 10569,   1618
 15381,    943
 19624,  -1436
 22270,  -4879
 22378,  -8382
 19298, -10783
 12863, -11032
  3589,  -8563
 -7268,  -3517
-17971,   3332
-26694,  10793
-31833,  17471
-32310,  22036
-27899,  23611
-19357,  22015
 -8248,  17736
  3412,  11783
 13490,   5514
 20115,    368
 22119,  -2504
 19288,  -2508
 12344,    335
  2745,   5436
 -7579,  11752
-16572,  17964
-22502,  22794
-24312,  25275
-21749,  24867
-15341,  21492
 -6307,  15558
  3673,   7874
 12829,   -541
 19631,  -8653
 22998, -15517
 22441, -20378
 18117, -22745
 10773, -22457
  1538, -19634
 -8301, -14625
-17477,  -7992
-24950,   -476
-30050,   7089
-32514,  13865
-32453,  19093
-30276,  22150
-26563,  22660
-21921,  20598
-16863,  16294
-11742,  10391
 -6727,   3785
 -1817,  -2480
  3067,  -7402
  7979, -10221
 12855, -10541
 17470,  -8397
 21444,  -4289
 24248,    889
 25340,   6018
 24333,   9975
 21105,  11835
 15850,  11042
  9120,   7537
  1791,   1804
 -5096,  -5157
-10600, -12079
-14030, -17888
-15063, -21971
-13861, -23522
-11086, -20598
 -7713, -11080
 -4759,   3609
 -3094,  15844
 -3270,  15718
 -5341,    617
 -8819, -19269
-12830, -27749
-16384, -17020
-18596,   4863
-18865,  21457
-17081,  22286
-13729,   9632
 -9723,  -6876
 -6117, -19733
 -3908, -27434
 -3821, -31761
 -6072, -34032
-10271, -34178
-15553, -31822
-20863, -27126
-25180, -20674
-27707, -13152
-28121,  -5219
-26727,   2475
-24280,   9350
-21706,  14967
-19917,  19044
-19590,  21455
-20925,  22249
-23538,  21627
-26607,  19892
-29174,  17381
-30374,  14430
-29608,  11351
-26788,   8397
-22469,   5756
-17639,   3572
-13382,   1991
-10669,   1171
-10140,   1256
-11845,   2348
-15161,   4502
-18991,   7639
-22118,  11463
-23488,  15462
-22412,  18962
-18849,  21199
-13528,  21415
 -7710,  19044
 -2800,  13907
   -76,   6299
  -406,  -3016
 -3944, -12874
-10010, -21825
-17278, -28411
-24170, -31503
-29169, -30508
-31112, -25478
-29541, -17170
-24904,  -6976
-18368,   3355
-11472,  12110
 -5844,  17914
 -2864,  19947
 -3273,  18161
 -6963,  13310
-13067,   6748
-20232,     79
-26898,  -5153
-31594,  -7752
-33339,  -7162
-31916,  -3608
-27815,   2002
-22052,   8352
-15975,  13972
-10967,  17528
 -8066,  18148
 -7710,  15637
 -9695,  10461
-13272,   3570
-17293,  -3774
-20443, -10247
-21591, -14787
-20059, -16828
-15717, -16333
 -8979, -13742
  -745,  -9860
  7780,  -5668
 15383,  -2045
 21097,    448
 24405,   1639
 25284,   1764
 23961,   1411
 20743,   1353
 16682,   2322
 14459,   4811
 17262,   8932
 24813,  14349
 30511,  20286
 25213,  25662
  6680,  29313
-14933,  30211
-23780,  27695
-12555,  21664
 10212,  12667
 27722,   1840
 29381,  -9271
 17652, -18917
  2514, -25470
 -8180, -27799
-12700, -25479
-12868, -18867
-10417,  -9091
 -6082,   2101
  -547,  12678
  4956,  20789
  8962,  25093
 10296,  24970
  8394,  20681
  3385,  13369
 -3956,   4762
-12387,  -3277
-20412,  -9103
-26541, -11569
-29596, -10314
-28945,  -5861
-24583,    589
-17081,   7561
 -7499,  13630
  2779,  17679
 12335,  19222
 19952,  18564
 24750,  16592
 26282,  14410
 24564,  13069
 20040,  13307
 13436,  15241
  5609,  18246
 -2545,  21168
-10220,  22723
-16781,  21800
-21793,  17732
-25012,  10623
-26350,   1483
-25843,  -8023
-23630, -16015
-19899, -20746
-14891, -20962
 -8895, -16318
 -2251,  -7561
  4644,   3653
 11341,  15164
 17350,  24680
 22183,  30199
 25430,  30521
 26803,  25542
 26191,  16195
 23738,   4191
 19851,  -8285
 15132, -18984
 10304, -26128
  6132, -28786
  3265, -26953
  2066, -21479
  2552, -13896
  4403,  -6091
  6989,    160
  9470,   3571
 11011,   3554
 11013,    286
  9267,  -5317
  5998, -11799
  1881, -17507
 -2029, -20943
 -4566, -21033
 -4769, -17321
 -2098, -10094
  3417,   -335
 11081,  10496
 19586,  20704
 27258,  28635
 32451,  32986
 33855,  33033
 30745,  28728
 23198,  20683
 12177,  10071
  -674,  -1574
-13404, -12680
-24065, -21879
-31036, -28179
-33381, -31118
-31034, -30798
-24723, -27718
-15735, -22623
 -5657, -16589
  3905, -10920
 11702,  -6111
 17094,   -666
 20044,   7891
 21024,  19069
 20861,  26508
 20505,  21634
 20738,   2882
 21949, -19050
 24072, -27977
 26660, -16469
 28976,   6813
 30145,  24762
 29414,  26451
 26359,  14110
 20950,  -2372
 13531, -15071
  4792, -22026
 -4346, -24699
-12954, -24448
-20269, -21722
-25770, -17011
-29256, -11475
-30862,  -6642
-30981,  -3848
-30139,  -3846
-28869,  -6676
-27608, -11634
-26602, -17507
-25871, -23046
-25235, -27295
-24378, -29068
-22952, -26120
-20676, -16143
-17433,   -499
-13353,  13104
 -8783,  14572
 -4224,   1090
  -277, -17314
  2509, -24538
  3808, -12787
  3591,   9960
  2136,  27380
    10,  29109
 -2015,  17474
 -3148,   2058
 -2807,  -9778
  -772, -16772
  2774, -21005
  7218, -24096
 11573, -26216
 14714, -27103
 15689, -26866
 13908, -25845
  9285, -24297
  2328, -22315
 -5890, -19911
-13961, -17043
-20512, -13658
-24459,  -9761
-25211,  -5466
-22867,   -996
-18262,   3299
-12729,   6912
 -7750,   9327
 -4657,  10337
 -4353,  10172
 -7037,   8699
-12092,   4361
-18185,  -4890
-23669, -17860
-27150, -27389
-27851, -24185
-25097,  -6271
-17420,  15619
 -3404,  24923
 14794,  13694
 28914,  -9934
 28670, -29211
 11487, -33204
-11927, -23675
-24498,  -9733
-17376,   1563
  2410,   9003
 19210,  14486
 22895,  19270
 15519,  23050
  5945,  25079
   539,  25061
  -531,  23097
  -376,  19408
 -1354,  14262
 -3949,   8019
 -7784,   1106
-12500,  -6049
-17716, -13035
-22837, -19451
-27182, -24956
-30204, -29281
-31541, -32135
-31040, -33264
-28796, -32720
-25117, -30933
-20409, -27859
-15101, -21909
 -9610, -10924
 -4308,   3991
   501,  15691
  4587,  14807
  7782,   -834
  9937, -20820
 10947, -28925
 10788, -17404
  9499,   5593
  7188,  23531
  4050,  25948
   357,  15296
 -3641,   1415
 -7718,  -8065
-11439, -11674
-14125, -11452
-15755,  -9269
-18071,  -5885
-23591,  -1858
-31764,   1843
-36155,   4125
-28168,   4233
 -6341,   2003
 18326,  -2130
 29258,  -7250
 18686, -12185
 -4933, -15733
-24484, -16904
-28725, -15159
-19259, -10571
 -5178,  -3796
  6374,   4090
 14045,  11766
 19578,  17880
 24143,  21344
 27483,  21543
 29005,  18400
 28606,  12327
 26584,   4148
 23332,  -5016
 19195, -14004
 14471, -21809
  9428, -27652
  4330, -31039
  -553, -31783
 -4956, -29985
 -8619, -25938
-11286, -20022
-12771, -12701
-13076,  -4512
-12402,   3975
-11118,  12183
 -9738,  19537
 -8874,  25466
 -9060,  29493
-10557,  31353
-13281,  31029
-16796,  28746
-20327,  24990
-22854,  20475
-23362,  15991
-21139,  12215
-15952,   9611
 -8128,   8369
  1414,   8331
 11233,   9017
 19675,   9777
 25278,   9981
 27048,   9184
 24645,   7204
 18546,   4210
 10027,    741
   869,  -2458
 -7085,  -4661
-12277,  -5320
-13721,  -4192
-11291,  -1451
 -5811,   2290
  1184,   6127
  7849,   9110
 12396,  10437
 13447,   9610
 10406,   6606
  3655,   1946
 -5580,  -3444
-15568,  -8467
-24401, -12054
-30344, -13367
-32271, -12029
-29949,  -8226
-23998,  -2642
-15660,   3728
 -6576,   9763
  1518,  14427
  7219,  17035
  9750,  17414
  9013,  15952
  5473,  13418
    43,  10571
 -6095,   7893
-11826,   6210
-16347,   7599
-19205,  14410
-20241,  25496
-19565,  33537
-17474,  28951
-14256,   9453
-10061, -14404
 -4957, -26061
   976, -17369
  7599,   3944
 14648,  21682
 21642,  25488
 27838,  17626
 32367,   7501
 34453,   2200
 33541,   2639
 29417,   6294
 22346,  11042
 13115,  16184
  2889,  21431
 -7049,  26178
-15482,  29699
-21439,  31477
-24429,  31326
-24537,  29354
-22331,  25915
-18683,  21525
-14589,  16786
-10984,  12280
 -8505,   8475
 -7364,   5679
 -7377,   4007
 -8076,   3382
 -8845,   3588
 -9081,   4314
 -8384,   5235
 -6700,   6079
 -4311,   6653
 -1745,   6873
   325,   6760
  1232,   6396
   510,   5869
 -1974,   5230
 -5974,   4397
-10917,   3213
-15977,   1708
-20214,    208
-22765,  -1469
-23026,  -5056
-20746, -12867
-16081, -23977
 -9594, -31460
 -2181, -26210
  5093,  -6355
 11148,  17324
 15054,  28237
 16191,  18357
 14341,  -4335
  9731, -23335
  2986, -28027
 -4960, -20544
-12990, -10300
-19999,  -4505
-25053,  -4294
-27488,  -7385
-27006, -11833
-23707, -16993
-18034, -22495
-10645, -27516
 -2311, -31016
  6164, -32157
 14060, -30526
 20820, -26173
 25967, -19678
 29124, -12035
 30255,  -4273
 29732,   2816
 27443,   8034
 21694,   8852
 10234,   2529
 -5840,  -9971
-19289, -21233
-20539, -21294
 -7068,  -7194
 11173,  11453
 18437,  19076
  7339,   8294
-13803, -12753
-28534, -27879
-26760, -27232
-11576, -14022
  6383,   1193
 18732,  10310
 23407,  11743
 22130,   7803
 16828,    973
  8724,  -7130
  -850, -15024
-10038, -21026
-16875, -23690
-19878, -22318
-18453, -17237
-12975,  -9750
 -4618,  -1772
  5015,   4691
 14215,   7968
 21480,   7073
 25890,   2025
 27333,  -6057
 26380, -15235
 24015, -23260
 21396, -28029
 19572, -28001
 19151, -22642
 20102, -12660
 21840,    131
 23473,  13312
 24028,  24537
 22682,  32046
 19072,  34363
 13500,  29527
  6822,  15984
   196,  -3880
 -5110, -21285
 -7979, -25231
 -7787, -12402
 -4588,   7111
   939,  16648
  7694,   7508
 14351, -13414
 19597, -30811
 22487, -34989
 22663, -28439
 20347, -20329
 16219, -17121
 11291, -18828
  6676, -21960
  3284, -23641
  1611, -22834
  1690, -19443
  3131, -13576
  5217,  -5668
  7076,   3349
  7935,  12224
  7334,  19681
  5200,  24641
  1856,  26459
 -2018,  25066
 -5524,  20964
 -7774,  15119
 -8079,   8799
 -6094,   3341
 -1895,   -134
  3999,   -926
 10690,   1141
 17079,   5683
 22044,  11823
 24620,  18371
 24180,  24109
 20552,  28023
 14054,  29452
  5440,  28228
 -4213,  24718
-13662,  19680
-21717,  14033
-27427,   8667
-30217,   4270
-29984,   1136
-27119,   -899
-22477,  -2353
-17158,  -3900
-12080,  -6196
 -7736,  -9688
 -4873, -14427
 -5489, -19978
-11873, -25512
-22845, -30011
-31111, -32465
-27151, -32094
 -8727, -28601
 13615, -22315
 23389, -14206
 12579,  -5648
-10889,   2024
-30573,   7852
-35873,  10722
-28850,   8487
-18762,  -1017
-12622, -16207
-11360, -29109
-12546, -29356
-14218, -13867
-15874,   7527
-17447,  18791
-18562,  11983
-18695,  -5297
-17493, -17305
-14874, -14398
-10981,    299
 -6133,  16497
  -729,  26400
  4818,  28666
 10125,  25712
 14901,  19892
 18964,  12445
 22209,   4349
 24562,  -3142
 25934,  -8804
 26215, -11880
 25255, -12269
 22866, -10461
 18902,  -7372
 13345,  -4082
  6365,  -1592
 -1654,   -619
-10124,  -1410
-18269,  -3664
-25238,  -6636
-30284,  -9353
-32869, -10827
-32735, -10269
-29988,  -7317
-25108,  -2166
-18838,   4485
-12010,  11599
 -5419,  17993
   284,  22552
  4728,  24506
  7869,  23621
  9905,  20210
 11166,  15041
 11996,   9229
 12655,   4015
 13212,    489
 13492,   -623
 13160,    939
 11854,   4947
  9296,  10735
  5402,  17315
   388,  23604
 -5184,  28642
-10502,  31706
-14677,  32416
-16887,  30796
-16549,  27222
-13486,  22300
 -8024,  16740
 -1011,  11235
  6399,   6340
 13155,   2394
 18563,   -502
 21659,  -2459
 20290,  -3721
 12097,  -4597
 -1717,  -5380
-13686,  -6253
-13978,  -7249
    49,  -8252
 18327,  -9009
 24937,  -9127
 12388,  -8220
-11206,  -6251
-29687,  -3651
-32366,   -471
-19761,   4693
   905,  13805
 21384,  25668
 33517,  33225
 30315,  27397
 11570,   6494
-11732, -18402
-23230, -30361
-14817, -21077
  5769,   1616
 22141,  21170
 23622,  26725
 12185,  19987
 -2896,   9853
-14452,   3014
-21204,    191
-25040,  -1056
-27276,  -2504
-27749,  -4287
-25937,  -5869
-21831,  -6909
-15870,  -7457
 -8645,  -7803
  -778,  -7599
  7075,  -4887
 14282,   2836
 20325,  14712
 24852,  23707
 27694,  20434
 28907,   2570
 28757, -19692
 27653, -30342
 26082, -21760
 24544,  -2065
 23450,  12408
 23047,  11560
 23388,  -1662
 24312, -16888
 25481, -26069
 26439, -27504
 26691, -23240
 25790, -15417
 23433,  -5311
 19511,   5850
 14124,  16448
  7587,  24861
   397,  29970
 -6847,  31490
-13525,  29991
-19064,  26653
-23012,  22894
-25095,  20056
-25256,  19106
-23657,  20343
-20653,  23266
-16764,  26751
-12619,  29418
 -8891,  29937
 -6193,  27316
 -5004,  21227
 -5619,  12193
 -8069,   1425
-12089,  -9527
-17145, -19059
-22488, -25806
-27251, -29028
-30558, -28826
-31603, -26009
-29873, -21818
-25490, -17675
-19273, -14881
-11838, -14244
 -2428, -15851
 10327, -19141
 24833, -23131
 33895, -26641
 28553, -28546
  7485, -28123
-17699, -25294
-29524, -20570
-19301, -14850
  5238,  -9269
 27356,  -4959
 35703,  -2719
 31250,  -2815
 22106,  -4995
 14376,  -8620
  8535, -12817
  2299, -16646
 -5520, -19381
-14086, -20721
-21793, -20754
-27387, -19860
-30098, -18630
-29532, -17699
-25770, -17524
-19473, -18251
-11757, -19705
 -3934, -21474
  2687, -23010
  7016, -23746
  8441, -23285
  6949, -21547
  3076, -18759
 -2263, -15385
 -7948, -12072
-12851,  -9499
-16093,  -8196
-17225,  -8426
-16233, -10125
-13450, -12912
 -9467, -16153
 -5001, -19060
  -693, -20871
  3046, -21001
  6040, -19139
  8292, -15318
  9941,  -9930
 11200,  -3642
 12226,   2738
 13030,   8397
 13520,  12728
 13592,  15432
 13179,  16310
 12281,  15192
 11049,  12743
  9829,  11436
  9049,  14437
  9072,  21598
 10128,  26563
 12240,  20479
 15148,   1337
 18304, -20624
 21007, -29606
 22594, -18452
 22585,   4087
 20765,  20988
 17291,  21517
 12722,   8146
  7856,  -8981
  3509, -21726
   359, -27989
 -1195, -29177
 -1183, -26644
   -91, -20865
  1274, -12399
  2008,  -2468
  1306,   7346
 -1355,  15600
 -6033,  21363
-12235,  24330
-19021,  24743
-25211,  23216
-29596,  20565
-31159,  17615
-29316,  14949
-24082,  12764
-16053,  10920
 -6266,   9104
  3949,   6959
 13179,   4220
 20222,    904
 24290,  -2576
 25092,  -5534
 22840,  -7219
 18187,  -6959
 12111,  -4340
  5685,    592
  -103,   7246
 -4480,  14597
 -6976,  21421
 -7463,  26498
 -6133,  28820
 -3403,  27869
   206,  23764
  4144,  17200
  7913,   9262
 11155,   1257
 13660,  -5514
 15352, -10054
 16270, -11854
 16527, -10927
 16276,  -7731
 15676,  -3060
 14866,   2113
 13977,   6874
 13144,  10572
 12491,  12873
 12149,  13752
 12270,  13478
 12985,  12525
 14373,  11421
 16458,  10621
 19151,  10441
 22222,  11043
 25315,  12430
 27967,  14451
 29664,  16883
 29926,  19517
 28387,  22145
 24884,  24578
 19532,  26670
 12732,  28285
  5146,  29268
 -2346,  29439
 -8722,  28601
-13045,  26554
-14843,  23144
-14289,  18318
-11429,  12166
 -5075,   4971
  6321,  -2781
 21003, -10420
 31307, -17134
 27604, -22092
  7825, -24573
-17094, -24066
-30029, -20416
-22204, -13923
 -1029,  -5350
 17156,   4166
 22227,  13256
 18110,  20488
 16347,  24628
 22822,  24925
 31205,  21254
 29542,  14139
 13534,   4717
 -7013,  -5401
-15956, -14442
 -5876, -20877
 14679, -23676
 29019, -22472
 26840, -17672
 10985, -10418
 -8141,  -2301
-22260,   5053
-29268,  10298
-30694,  12596
-28079,  11840
-22089,   8708
-13470,   4421
 -3633,    356
  5675,  -2264
 12902,  -2625
 17046,   -593
 17759,   3183
 15330,   7491
 10555,  10946
  4545,  12293
 -1483,  10698
 -6492,   6054
 -9828,   -881
-11286,  -8687
-11071, -15680
 -9740, -20233
 -8041, -21111
 -6702, -17854
 -6254, -10978
 -6945,  -1818
 -8719,   7816
-11244,  15963
-13989,  20867
-16390,  21433
-18007,  17499
-18588,   9792
-18126,   -321
-16882, -11073
-15306, -20608
-13911, -27435
-13164, -30733
-13377, -30379
-14611, -26834
-16655, -21017
-19051, -14092
-21185,  -7124
-22412,   -824
-22178,   4470
-20163,   8731
-16371,  12185
-11138,  15172
 -5090,  17936
   935,  20458
  6051,  22491
  9528,  23676
 10917,  23615
 10150,  21988
  7581,  18736
  3953,  14179
   248,   8940
 -2525,   3795
 -3516,   -434
 -2197,  -3022
  1505,  -3562
  7150,  -2062
 13872,   1088
 20575,   5234
 26105,   9589
 29440,  13355
 29894,  15929
 27261,  17049
 21805,  16773
 14153,  15408
  5187,  13445
 -4077,  11454
-12711,   9937
-20023,   9215
-25581,   9409
-29183,  10501
-30841,  12366
-30741,  14780
-29142,  17507
-26305,  20378
-22576,  23228
-18374,  25825
-13940,  27881
 -9245,  29058
 -4873,  28963
 -3102,  27185
 -6822,  23428
-15557,  17662
-22636,  10197
-18937,   1682
 -2199,  -6911
 17570, -14363
 24773, -19447
 12380, -21215
-10789, -19169
-27707, -13395
-27726,  -4634
-13490,   5768
  4642,  16088
 18311,  24581
 25227,  29761
 26677,  30649
 24002,  27014
 17777,  19452
  8760,   9256
 -1558,  -1869
-11301, -12083
-18772, -19715
-22872, -23602
-23260, -23304
-20304, -19120
-14899, -11962
 -8271,  -3181
 -1736,   5665
  3624,  13138
  7179,  18185
  8777,  20239
  8644,  19237
  7278,  15582
  5309,  10045
  3265,   3553
  1390,  -3009
  -336,  -8892
 -2101, -13548
 -4204, -16678
 -6938, -18230
-10425, -18326
-14506, -17172
-18785, -15032
-22764, -12222
-25929,  -9061
-27845,  -5833
-28325,  -2797
-27526,   -187
-25859,   1834
-23853,   3241
-22068,   4139
-20956,   4737
-20692,   5361
-21108,   6404
-21755,   8213
-22039,  10993
-21355,  14747
-19216,  19226
-15418,  23922
-10154,  28121
 -3949,  31012
  2476,  31836
  8315,  30034
 12816,  25365
 15474,  17991
 16145,   8507
 15030,  -2112
 12578, -12663
  9404, -21855
  6192, -28502
  3520, -31732
  1754, -31109
  1107, -26715
  1639, -19153
  3035,  -9460
  4580,   1039
  6129,  10959
  9270,  19054
 16336,  24390
 26525,  26530
 33107,  25578
 27176,  22117
  6960,  17091
-16857,  11636
-27910,   6845
-18430,   3520
  3362,   2033
 20778,   2280
 23177,   3701
 12863,   5392
  -465,   6342
 -9356,   5695
-12548,   2968
-12293,  -1829
-10682,  -8144
 -8691, -14923
 -7002, -20833
 -6513, -24556
 -8030, -25059
-11838, -21808
-17471, -14937
-23778,  -5303
-29209,   5602
-32249,  15997
-31741,  24355
-27133,  29744
-18706,  31269
 -7653,  27151
  4205,  15642
 14888,  -1323
 22611, -15566
 26093, -16717
 24910,  -1902
 19638,  18656
 11634,  28439
  2613,  19036
 -5702,  -2293
-11884, -19914
-15198, -24011
-15812, -17238
-14595,  -9144
-12756,  -6654
-11555, -10221
-12001, -16650
-14493, -23071
-18633, -28085
-23403, -30943
-27545, -30963
-29855, -27787
-29439, -21685
-26075, -13567
-20397,  -4801
-13665,   3073
 -7364,   8701
 -2911,  11157
 -1348,  10113
 -2959,   5923
 -7099,   -427
-12408,  -7529
-17219, -13903
-19890, -18289
-19142, -19864
-14473, -18438
 -6380, -14537
  3823,  -9231
 14383,  -3835
 23440,    339
 29367,   2247
 31235,   1380
 29072,  -2110
 23747,  -7485
 16657, -13661
  9459, -19430
  3740, -23690
   571, -25746
   237, -25490
  2299, -23338
  5826, -20068
  9614, -16657
 12454, -14037
 13513, -12810
 12595, -13071
 10081, -14358
  6736, -15841
  3545, -16746
  1467, -16623
  1106, -14764
  2490,  -9328
  5122,   1714
  8157,  16852
 10563,  28381
 11347,  26361
  9860,   8256
  6009, -15518
   241, -28387
 -6598, -22044
-13402,  -3950
-19001,  10062
-22456,  10035
-23281,  -1400
-21478, -14515
-17469, -21980
-12034, -22747
 -6178, -19321
  -889, -13916
  3045,  -7430
  5105,   -424
  5055,   6174
  2938,  11282
  -933,  14068
 -6086,  14107
-12009,  11361
-18140,   6188
-23884,   -720
-28655,  -8442
-31915, -15939
-33179, -22202
-32044, -26371
-28291, -27846
-21967, -26349
-13435, -21954
 -3372, -15077
  7249,  -6402
 17233,   3198
 25330,  12755
 30449,  21319
 31815,  28056
 29122,  32322
 22647,  33731
 13256,  32169
  2363,  27810
 -8331,  21097
-17319,  12681
-23613,   3366
-26139,  -5992
-22813, -14557
-11550, -21602
  5950, -26611
 21575, -29316
 24799, -29709
 12323, -28044
 -6302, -24803
-15331, -20601
 -7058, -16087
 10772, -11864
 22392,  -8427
 18312,  -6080
  1986,  -4944
-15866,  -4967
-26995,  -5976
-29664,  -7751
-26034, -10052
-18437, -12673
 -8339, -15486
  2843, -18401
 13278, -21331
 21135, -24175
 25135, -26778
 24864, -28912
 20804, -30288
 14171, -30586
  6624, -29547
   -54, -27033
 -4295, -23054
 -5087, -17816
 -2188, -11731
  3870,  -5349
 11932,    756
 20453,   6051
 27759,  10127
 32423,  12796
 33553,  14118
 30906,  14353
 24857,  13896
 16351,  13187
  6728,  12617
 -2585,  12422
-10317,  12620
-15455,  13020
-17412,  13286
-16337,  13003
-13140,  11766
 -8471,   9284
 -1457,   5465
  9469,    444
 22872,  -5461
 31657, -11788
 26867, -17961
  7007, -23407
-16677, -27647
-27138, -30320
-16009, -31184
  8861, -30147
 30823, -27292
 38894, -22846
 34676, -17158
 26945, -10779
 22257,  -4402
 21193,   1437
 21147,   6511
 20144,  10111
 17822,  10012
 14454,   3560
 10197,  -8385
  5206, -18673
  -117, -17676
 -5090,  -2728
 -8886,  16405
-10726,  24156
-10077,  13303
 -6786,  -7728
 -1153, -22431
  6053, -20706
 13671,  -5675
 20332,  11988
 24735,  23838
 25870,  27757
 23205,  25436
 16838,  18781
  7535,   9004
 -3388,  -2545
-14303, -13952
-23510, -23171
-29512, -28622
-31310, -29610
-28575, -26431
-21695, -20216
-11707, -12600
  -135,  -5405
 11254,   -282
 20775,   1675
 27097,    182
 29444,  -4264
 27716, -10595
 22508, -17404
 14980, -23203
  6640, -26799
  -917, -27574
 -6277, -25498
 -8462, -21008
 -7094, -14906
 -2446,  -8183
  4618,  -1722
 12797,   3911
 20571,   8460
 26489,  11910
 29418,  14420
 28710,  16219
 24308,  17427
 16750,  17931
  7059,  17454
 -3472,  15681
-13503,  12348
-21849,   7354
-27691,    905
-30701,  -6399
-31036, -13666
-29258, -19905
-26203, -24159
-22803, -25663
-19880, -24059
-17992, -19491
-17345, -12491
-17793,  -3899
-18882,   5023
-19960,  12697
-20333,  18338
-19434,  23197
-16922,  29626
-12741,  37234
 -7156,  40030
  -700,  30033
  5954,   6425
 12102, -19266
 17121, -30134
 20585, -18330
 22333,   7511
 22459,  29888
 21267,  37071
 19200,  30178
 16734,  17920
 14264,   7250
 12024,   -429
 10069,  -6604
  8271, -12039
  6370, -16001
  4075, -17481
  1174, -16154
 -2370, -12350
 -6380,  -6761
-10462,   -264
-14032,   6162
-16432,  11571
-17092,  15215
-15644,  16657
-12014,  15828
 -6479,  13035
   326,   8914
  7513,   4313
 14126,    136
 19288,  -2799
 22324,  -3890
 22918,  -2852
 21171,    249
 17540,   5011
 12706,  10805
  7450,  16877
  2519,  22459
 -1551,  26902
 -4531,  29784
 -6468,  30913
 -7618,  30308
 -8354,  28170
 -9050,  24815
 -9947,  20578
-11052,  15751
-12157,  10564
-12923,   5195
-12954,   -218
-11881,  -5547
 -9498, -10645
 -5845, -15302
 -1195, -19261
  4043, -22284
  9383, -24171
 14318, -24780
 18455, -24075
 21596, -22158
 23699, -19233
 24800, -15532
 24990, -11302
 24384,  -6787
 23040,  -2174
 20944,   2410
 18139,   6848
 14771,  10981
 10878,  14578
  6323,  17349
  1683,  18950
  -679,  19011
  2277,  17250
 10258,  13587
 16769,   8204
 12829,   1577
 -3724,  -5545
-22847, -12193
-28969, -17343
-15127, -20116
  9772, -19940
 28579, -16662
 30512, -10643
 18078,  -2747
  1487,   5724
-11081,  13313
-17535,  18882
-19339,  21886
-17974,  21711
-14084,  16701
 -8368,   5082
 -2081, -11348
  3324, -24610
  6712, -24531
  7628,  -8355
  6389,  13719
  3896,  25299
  1306,  18184
  -231,   -134
   172, -13859
  2850, -13165
  7437,   -909
 13016,  12930
 18451,  20825
 22639,  21610
 24728,  17761
 24426,  11569
 22152,   4109
 18842,  -3856
 15626, -11290
 13584, -17128
 13489, -20656
 15500, -21667
 19033, -20405
 22948, -17361
 25886, -13130
 26567,  -8508
 24072,  -4456
 18178,  -1124
  9541,   3263
  -475,  11350
-10146,  22652
-17676,  30659
-21543,  26530
-20915,   8369
-15876, -13443
 -7364, -22948
  3092, -12785
 13635,   8521
 22393,  24174
 27920,  23691
 29500,   9809
 27176,  -7112
 21614, -18838
 13971, -23321
  5680, -22186
 -1915, -17188
 -7814,  -9353
-11375,    158
-12347,   9588
-11091,  16983
 -8565,  20788
 -5240,  20284
   149,  15717
  9667,   8155
 22325,   -814
 31303,  -9387
 27675, -15893
  9645, -19198
-12166, -18972
-21531, -15654
-10906, -10269
 11188,  -4211
 27762,   1053
 27964,   4367
 14028,   5168
 -4180,   3529
-18741,     66
-27647,  -4192
-32233,  -8026
-33620, -10371
-31924, -10580
-27284,  -8504
-20568,  -4486
-13156,    696
 -6461,   5993
 -1583,  10370
   796,  13031
   476,  13544
 -2300,  11901
 -6938,   8529
-12603,   4185
-18414,   -236
-23630,  -3903
-27706,  -6183
-30330,  -6769
-31437,  -5741
-31158,  -3541
-29724,   -863
-27379,   1491
-24334,   2763
-20760,   2395
-16769,    149
-12426,  -3828
 -7800,  -9030
 -3003, -14657
  1806, -19743
  6450, -23325
 10734, -24615
 14468, -23131
 17538, -18790
 19930, -11949
 21719,  -3365
 23061,   5939
 24178,  14812
 25291,  22120
 26557,  26940
 28034,  28677
 29643,  27134
 31163,  22507
 32266,  15345
 32556,   6484
 31638,  -3110
 29204, -12467
 25105, -20694
 19384, -27073
 12324, -31116
  4435, -32583
 -3611, -31475
-11035, -27999
-17058, -22556
-21011, -15695
-22418,  -8077
-21084,   -424
-17140,   6520
-11025,  12035
 -3461,  15505
  4647,  16495
 12322,  14789
 18643,  10458
 22899,   3890
 24677,  -4229
 23923, -12969
 20975, -21251
 16515, -27970
 11435, -32141
  6700, -33059
  3195, -30407
  1562, -24329
  2044, -15451
  4454,  -4830
  8201,   6182
 12387,  16124
 15957,  23611
 17915,  27551
 17543,  27341
 14561,  22957
  9190,  14978
  2140,   4524
 -5466,  -6900
-12309, -17621
-17147, -26079
-19032, -31056
-17490, -31855
-12633, -28433
 -5178, -21407
  3681, -11949
 12521,  -1580
 19921,   8060
 24688,  15473
 26089,  19560
 23991,  19788
 18836,  16262
 11512,   9688
  3196,   1254
 -4842,  -7567
-11503, -15272
-16035, -20569
-18098, -22566
-17771, -20909
-15485, -15814
-11906,  -8024
 -7742,   1340
 -3582,  10979
   183,  19604
  3405,  26163
  6181,  29993
  8773,  30896
 11492,  29136
 14580,  25380
 18115,  20554
 21977,  15654
 25830,  11578
 29167,   8983
 31419,   8181
 32086,   9108
 30826,  11364
 27557,  14326
 22521,  17290
 16270,  19580
  9574,  20679
  3347,  20328
 -1507,  18525
 -4261,  15472
 -4475,  11516
 -2076,   7077
  2613,   2534
  8922,  -1851
 15921,  -5945
 22596,  -9714
 28004, -13204
 31389, -16496
 32317, -19646
 30740, -22637
 26957, -25383
 21518, -27782
 15130, -29744
  8544, -31193
  2400, -32113
 -2851, -32592
 -6966, -32747
 -9885, -32656
-11679, -32348
-12505, -31771
-12516, -30753
-11793, -29042
-10370, -26372
 -8274, -22572
 -5560, -17649
 -2342, -11817
  1156,  -5518
  4570,    572
  7460,   5684
  9422,   9122
 10138,  10365
  9436,   9181
  7371,   5721
  4241,    514
   517,  -5614
 -3298, -11718
 -6751, -16887
 -9506, -20391
-11440, -21840
-12690, -21277
-13547, -19123
-14331, -16081
-15303, -13006
-16592, -10736
-18114,  -9903
-19547, -10817
-20433, -13399
-20362, -17217
-19070, -21565
-16490, -25569
-12833, -28369
 -8598, -29288
 -4360, -27923
  -602, -24203
  2140, -18416
  3278, -11160
  3131,  -3221
  4003,   4532
  9044,  11272
 18167,  16341
 25113,  19320
 21120,  20069
  4168,  18718
-15665,  15611
-22839,  11239
-10430,   6141
 12654,    808
 29343,  -4357
 29041,  -9093
 14556, -13297
 -3546, -16972
-16762, -20177
-22779, -22979
-23004, -25405
-19076, -27424
-12043, -28942
 -3174, -29824
  5645, -29973
 12358, -29378
 15367, -28111
 14004, -26349
  8665, -24380
   622, -22514
 -8382, -20960
-16488, -19798
-22081, -18947
-24228, -18135
-22939, -16942
-19043, -14924
-13863, -11761
 -8940,  -7368
 -5711,  -1937
 -5076,   4024
 -7159,   9713
-11371,  14211
-16682,  16717
-21854,  16690
-25701,  13977
-27472,   8920
-27107,   2348
-25125,  -4587
-22397, -10681
-19964, -14895
-18770, -16528
-19320, -15422
-21493, -12033
-24615,  -7359
-27682,  -2623
-29578,   1196
-29312,   3638
-26360,   4126
-20880,   1019
-13640,  -7540
 -5810, -20021
  1214, -28909
  6090, -24627
  7883,  -5106
  6296,  18735
  1683,  30022
 -5068,  20477
-12687,  -2275
-19736, -22177
-24945, -28197
-27476, -20074
-26991,  -4022
-23643,  12647
-18034,  22451
-11085,  18729
 -3791,   1126
  2977, -19984
  8571, -29094
 12608, -18861
 15000,   2507
 15924,  18552
 15704,  19044
 14698,   6902
 13252,  -7463
 11684, -15937
 10241, -16766
  9070, -12007
  8254,  -3926
  7845,   5920
  7830,  15938
  8101,  24134
  8475,  28574
  8714,  27999
  8528,  22233
  7591,  12251
  5633,    -76
  2525, -12432
 -1685, -22483
 -6762, -28301
-12287, -28843
-17703, -24203
-22418, -15525
-25952,  -4684
-28031,   6052
-28621,  14446
-27965,  18817
-26567,  18396
-25057,  13385
-24023,   4836
-23902,  -5564
-24874, -15815
-26789, -24088
-29169, -29104
-31305, -30294
-32431, -27843
-31882, -22642
-29207, -16061
-24288,  -9585
-17410,  -4495
 -9188,  -1642
  -402,  -1300
  8121,  -3114
 15627,  -6212
 21608,  -9436
 25879, -11612
 28538, -11789
 29877,  -9452
 30280,  -4672
 30125,   1913
 29655,   9229
 28893,  15951
 27682,  20757
 25774,  22618
 22913,  21014
 18913,  16040
 13758,   8403
  7673,   -660
  1087,  -9603
 -5502, -16893
-11586, -21271
-16713, -21963
-20617, -18843
-23273, -12470
-24828,  -3963
-25507,   5257
-25544,  13719
-25118,  20150
-24262,  23742
-22833,  24309
-20600,  22256
-17363,  18448
-13049,  14040
 -7776,  10230
 -1920,   7986
  3862,   7846
  8766,   9835
 12026,  13505
 13046,  18025
 11527,  22345
  7594,  25450
  1831,  26582
 -4831,  25346
-11313,  21773
-16562,  16325
-19718,   9783
-20318,   3055
-18399,  -3003
-14437,  -7727
 -9214, -10776
 -3669, -12192
  1268, -12350
  4892, -11850
  6865, -11384
  7218, -11574
  6280, -12812
  4595, -15163
  2794, -18349
  1430, -21805
   834, -24778
  1095, -26490
  2106, -26333
  3600, -24027
  5206, -19673
  6568, -13764
  7449,  -7147
  7727,   -852
  7351,   4151
  6340,   7120
  4776,   7666
  2737,   5863
   268,   2251
 -2567,  -2301
 -5614,  -6817
 -8612, -10413
-11206, -12445
-12950, -12671
-13322, -11330
-11878,  -9020
 -8406,  -6511
 -3003,  -4574
  3905,  -3808
 11554,  -4459
 18917,  -6318
 24891,  -8803
 28565, -11141
 29382, -12527
 27245, -12287
 22595, -10088
 16400,  -6053
  9935,   -704
  4482,   5195
  1119,  10780
   507,  15252
  2707,  18092
  7146,  19206
 12756,  18878
 18237,  17665
 22320,  16283
 24004,  15446
 22815,  15660
 18956,  17087
 13284,  19534
  7044,  22542
  1402,  25468
 -2882,  27601
 -4881,  28347
 -2612,  27378
  6012,  24638
 19482,  20306
 30073,  14765
 27807,   8527
 10087,   2078
-12729,  -4213
-24158, -10091
-16030, -15412
  4004, -20116
 19871, -24168
 21344, -27485
 10783, -29882
 -2318, -31091
-10771, -30823
-13535, -28821
-12983, -24935
-11056, -19213
 -8252, -11961
 -4663,  -3743
  -776,   4709
  2689,  12540
  5136,  18882
  6202,  23006
  5734,  24420
  3826,  22936
   832,  18687
 -2681,  12114
 -6021,   3930
 -8449,  -5003
 -9280, -13779
 -8023, -21524
 -4501, -27500
  1107, -31175
  8261, -32265
 16109, -30746
 23597, -26837
 29626, -20978
 33265, -13785
 33896,  -5988
 31315,   1650
 25795,   8419
 18059,  13716
  9162,  17106
   293,  18406
 -7406,  17675
-13013,  15182
-16004,  11363
-16330,   6753
-14454,   1895
-11193,  -2783
 -7314,  -7022
 -3303, -10718
   -47, -13932
   222, -16848
 -5075, -19651
-15059, -22425
-22681, -25082
-18589, -27351
  -612, -28802
 20746, -28897
 29122, -27131
 16676, -23215
 -8479, -17175
-29739,  -9385
-36402,   -554
-30504,   8325
-21353,  16174
-16061,  22090
-15686,  25515
-17919,  26314
-20870,  24869
-24041,  22039
-27305,  18938
-30169,  16655
-31971,  16033
-32226,  17481
-30773,  20813
-27766,  25234
-23607,  29522
-18857,  32317
-14143,  32403
-10038,  28967
 -6935,  21838
 -4999,  11626
 -4137,   -333
 -4046, -12308
 -4284, -22689
 -4361, -30352
 -3853, -34145
 -2514, -32028
  -308, -22013
  2603,  -5841
  5870,   8424
  9018,  10404
 11548,  -2898
 13027, -21489
 13150, -29187
 11760, -18039
  8879,   4168
  4725,  21314
  -347,  23209
 -5900,  12301
-11426,  -1766
-16373, -11584
-20209, -15851
-22485, -16660
-22880, -15680
-21232, -13172
-17615,  -9084
-12403,  -3906
 -6250,   1467
    -6,   6121
  5370,   9255
  8921,  10204
  9900,   8588
  7979,   4459
  3333,  -1696
 -3363,  -9003
-10981, -16281
-18080, -22181
-23177, -25466
-25098, -25291
-23190, -21381
-17440, -14101
 -8534,  -4470
  2199,   5944
 13062,  15319
 22401,  21967
 28889,  24630
 31721,  22695
 30807,  16368
 26816,   6688
 20936,  -4678
 14506, -15809
  8737, -24853
  4496, -30314
  2060, -31365
  1042, -28006
   598, -20983
  -228, -11554
 -2239,  -1242
 -5861,   8416
-10923,  16208
-16564,  21469
-21475,  24084
-24291,  24385
-23895,  23031
-19677,  20832
-11824,  18516
 -1416,  16545
  9801,  15096
 19842,  14135
 26836,  13484
 29370,  12904
 26904,  12258
 19961,  11628
  9970,  11266
 -1088,  11489
-11018,  12626
-17818,  14896
-20168,  18263
-17721,  22381
-11088,  26640
 -1644,  30281
  8738,  32534
 18042,  32756
 24597,  30616
 27438,  26221
 26408,  20089
 22113,  13074
 15804,   6263
  9105,    768
  3611,  -2504
   547,  -3012
   573,   -700
  3707,   3961
  9330,  10029
 16297,  16247
 23228,  21260
 28798,  23854
 31932,  23173
 31969,  18913
 28797,  11407
 22858,   1584
 15012,  -9178
  6397, -19239
 -1681, -26990
 -8008, -31181
-11896, -31130
-13361, -26831
-12305, -18975
 -7393,  -8850
  3060,   1904
 17410,  11658
 28072,  19081
 25423,  23327
  7285,  24213
-15646,  22267
-26666,  18529
-17506,  14258
  4142,  10672
 22031,   8721
 25720,   8857
 17381,  10929
  6346,  14294
  -338,  18070
 -1743,  21355
  -321,  23406
  1913,  23866
  4371,  22904
  6885,  21081
  8960,  19111
  9934,  17694
  9334,  17337
  6994,  18130
  3003,  19664
 -2296,  21163
 -8372,  21746
-14592,  20637
-20306,  17345
-24935,  11890
-28059,   4911
-29462,  -2502
-29172,  -9097
-27452, -13684
-24748, -15379
-21618, -13896
-18666,  -9672
-16426,  -3747
-15266,   2498
-15354,   7583
-16620,  10218
-18769,   9645
-21339,   5836
-23782,   -546
-25575,  -8323
-26325, -16016
-25810, -22122
-24014, -25485
-21142, -25555
-17547, -22447
-13618, -16877
 -9717, -10050
 -6113,  -3421
 -2926,   1643
  -112,   4132
  2485,   3554
  5041,     -2
  7684,  -5884
 10456, -12992
 13278, -20031
 15930, -25764
 18124, -29198
 19626, -29739
 20323, -27305
 20239, -22325
 19569, -15623
 18681,  -8279
 17993,  -1454
 17814,   3802
 18272,   6714
 19267,   6902
 20433,   4427
 21172,   -243
 20814,  -6294
 18826, -12706
 14951, -18420
  9287, -22497
  2352, -24261
 -4938, -23406
-11465, -20032
-16179, -14625
-18293,  -7980
-17450,  -1067
-13868,   5130
 -8361,   9764
 -2164,  12253
  3339,  12376
  6871,  10293
  7508,   6511
  4921,   1788
  -502,  -2998
 -7687,  -6979
-15156,  -9455
-21537,  -9989
-25889,  -8462
-27157,  -5070
-23302,   -276
-12259,   5279
  4364,  10905
 18654,  15986
 20382,  20054
  6658,  22859
-12487,  24394
-20879,  24846
-10599,  24528
 10536,  23806
 26394,  22996
 26812,  22295
 14332,  21739
 -1262,  21202
-12434,  20431
-17769,  19127
-19267,  17012
-18537,  13905
-15825,   9806
-11071,   4913
 -4690,   -398
  2568,  -5605
  9941, -10109
 16774, -13342
 22496, -14849
 26581, -14369
 28643, -11877
 28694,  -7601
 27207,  -2012
 24259,   4247
 18430,  10445
  7721,  15842
 -6667,  19791
-17590,  21827
-15779,  21719
   754,  19507
 21348,  15497
 29531,  10224
 17390,   4383
 -6972,  -1259
-26927,  -5961
-31785,  -9109
-23665, -10292
-12036,  -9360
 -4222,  -6451
 -1520,  -1962
 -1874,   3485
 -3588,   9130
 -6245,  14177
 -9702,  17888
-13382,  19684
-16460,  19214
-18248,  16422
-18388,  11558
-16866,   5147
-13954,  -2053
-10099,  -9131
 -5825, -15136
 -1635, -19215
  2112, -20738
  5278, -19377
  7899, -15205
 10105,  -8732
 12045,   -858
 13826,   7244
 15426,  14285
 16646,  19026
 17187,  20509
 16769,  18265
 15209,  12408
 12488,   3647
  8831,  -6791
  4740, -17304
   876, -26131
 -2107, -31751
 -3671, -33381
 -3509, -31174
 -1670, -25440
  1406, -15520
  4993,   -495
  8253,  17355
 10394,  30043
 10810,  27858
  9252,   8916
  5915, -15434
  1372, -27661
 -3581, -18756
 -8063,   4078
-11253,  24722
-12595,  32403
-11906,  28515
 -9369,  21370
 -5423,  17041
  -673,  15764
  4213,  14829
  8677,  12545
 12396,   9260
 15251,   6151
 17265,   4144
 18554,   3827
 19272,   5540
 19507,   9254
 19229,  14436
 18339,  20146
 16774,  25264
 14570,  28685
 11875,  29509
  9004,  27294
  6469,  22205
  4827,  14936
  4501,   6531
  5702,  -1777
  8362,  -8778
 12070, -13570
 16099, -15732
 19580, -15326
 21746, -12817
 22105,  -8960
 20523,  -4648
 17323,   -673
 13295,   2446
  9473,   4489
  6840,   5497
  6137,   5734
  7686,   5581
 11245,   5382
 15989,   5327
 20702,   5437
 24096,   5612
 25069,   5665
 22918,   5395
 17553,   4699
  9599,   3670
   233,   2625
 -9121,   1982
-17047,   1947
-22378,   2378
-24494,   3536
-23464,   7103
-19961,  15252
-15037,  26905
 -9911,  35015
 -5720,  30375
 -3223,  11074
 -2607, -12092
 -3462, -22524
 -4997, -12280
 -6465,  10453
 -7424,  28861
 -7148,  31944
 -3719,  21414
  5031,   6374
 17836,  -6037
 27323, -14453
 23950, -20571
  5588, -25434
-16978, -28565
-26946, -29143
-15980, -26955
  8238, -22359
 29368, -16008
 36689,  -8720
 31881,  -1464
 23584,   4772
 18101,   9151
 15937,  11085
 14732,  10327
 12344,   7036
  6823,   1747
 -3661,  -4706
-17835, -11323
-28499, -17096
-26145, -21162
 -8396, -22954
 14439, -22299
 26085, -19428
 18585, -14958
  -293,  -9788
-14526,  -4932
-14190,  -1337
 -2210,    269
 11234,   -470
 18380,  -3450
 17863,  -8113
 12083, -13545
  3453, -18625
 -6600, -22223
-16787, -23409
-25463, -21667
-30979, -17011
-32205,  -9981
-28821,  -1571
-21327,   6916
-10912,  14115
   820,  18906
 12135,  20618
 21456,  19143
 27695,  14988
 30441,   9210
 29955,   3197
 27050,  -1642
 22912,  -4141
 18824,  -3593
 15866,     78
 14674,   6267
 15280,  13814
 17194,  21270
 19762,  27155
 22411,  30206
 24040,  29653
 22192,  25374
 14128,  17877
   699,   8154
-10860,  -2506
-10816, -12728
  3492, -21362
 22127, -27691
 29245, -31474
 17347, -32941
 -5339, -32707
-22360, -31592
-23405, -30387
-11075, -29665
  4656, -29671
 16079, -30275
 21712, -31016
 23620, -31210
 23672, -30141
 22574, -27265
 20744, -22339
 18903, -15503
 17809,  -7336
 17855,   1229
 18902,   9088
 20342,  15120
 21294,  18394
 20893,  18361
 18524,  14967
 13971,   8672
  7548,    384
   140,  -8679
 -7007, -17173
-12639, -23886
-15719, -27941
-15626, -28898
-12374, -26837
 -6659, -22339
   328, -16339
  7262,  -9920
 12944,  -4117
 16514,    259
 17720,   2783
 17027,   3481
 15398,   2770
 13970,   1331
 13793,    -59
 15567,   -693
 19362,   -125
 24508,   1718
 29775,   4533
 33723,   7730
 35002,  10539
 32635,  12189
 26356,  12105
 16782,  10061
  5259,   6235
 -6479,   1191
-16596,  -4194
-23486,  -8879
-26188, -11888
-24614, -12489
-19486, -10331
-12106,  -5534
 -4112,   1316
  2835,   9243
  7469,  17063
  9199,  23582
  8127,  27779
  4936,  29003
   738,  27091
 -3180,  22382
 -5706,  15662
 -6175,   8037
 -4451,    750
  -876,  -5054
  3792,  -8513
  8540,  -9180
 12390,  -7102
 14620,  -2810
 14850,   2783
 13073,   8564
  9636,  13414
  5157,  16376
   322,  16827
 -4287,  14575
 -8317,   9865
-11636,   3291
-14095,  -4312
-15412, -12008
-15943, -18939
-17656, -24472
-23140, -28247
-31763, -30192
-36880, -30504
-29591, -29562
 -8145, -27811
 16656, -25664
 28311, -23436
 19026, -21302
 -2887, -19309
-20552, -17399
-23007, -15474
-12117, -13485
  2784, -11520
 14329,  -9753
 20979,  -8205
 24373,  -6642
 25650,  -5367
 24602,  -6266
 20824, -11820
 14567, -21267
  6644, -27832
 -1912, -22496
-10058,  -3393
-16800,  18796
-21243,  27697
-22775,  15605
-21387,  -9093
-17746, -29444
-12299, -34415
 -4107, -25796
  8315, -12803
 23328,  -2627
 33514,   3429
 29532,   7269
  9542,  10295
-15444,  12523
-28467,  13643
-21096,  13826
  -976,  13586
 15593,  13439
 18047,  13741
  8402,  14691
 -4152,  16308
-12688,  18482
-16333,  21008
-17494,  23610
-18057,  26004
-18409,  27964
-18423,  29297
-18218,  29823
-18033,  29381
-17928,  27832
-17701,  25041
-16986,  20891
-15371,  15353
-12521,   8537
 -8290,    740
 -2789,  -7547
  3591, -15663
 10186, -22805
 16175, -28144
 20759, -30999
 23300, -30923
 23427, -27794
 21145, -21878
 16865, -13822
 11321,  -4559
  5399,   4865
    -1,  13438
 -4109,  20313
 -6449,  24978
 -6933,  27323
 -5820,  27607
 -3616,  26383
  -964,  24383
  1472,  22359
  3162,  20928
  3819,  20454
  3403,  20981
  2043,  22254
    -9,  23775
 -2431,  24895
 -4938,  24955
 -7358,  23429
 -9604,  20019
-11595,  14704
-13236,   7765
-14416,   -241
-14960,  -8594
-14623, -16510
-13190, -23241
-10617, -28201
 -7084, -31043
 -2988, -31686
  1049, -30302
  4225, -27283
  5760, -23170
  5129, -18532
  2192, -13899
 -2750,  -9710
 -8919,  -6272
-15123,  -3754
-20016,  -2217
-22426,  -1679
-21585,  -2159
-17292,  -3663
-10040,  -6189
 -1010,  -9732
  8189, -14187
 15876, -19270
 20611, -24508
 21463, -29248
 18278, -32710
 11766, -34071
  3402, -32640
 -4971, -28053
-11712, -20396
-15786, -10243
-16256,   1350
-11408,  12920
   358,  22782
 16937,  29414
 29992,  31945
 29048,  30394
 11240,  24954
-13063,  14908
-27072,   -629
-22080, -19211
 -5045, -32575
  8677, -30664
  9452, -11262
    -4,  14541
-10139,  29319
-14029,  23943
-11184,   5270
 -4715, -11117
  2665, -15090
  9788,  -8692
 16105,   -765
 20994,   2353
 23950,    507
 24878,  -3167
 24110,  -6251
 22240,  -8149
 19994,  -9052
 18100,  -9074
 17140,  -8308
 17418,  -7017
 18922,  -5567
 21337,  -4252
 24001,  -3250
 26043,  -2626
 26803,  -2317
 26044,  -2165
 23212,  -2000
 16460,  -1714
  3668,  -1258
-13732,   -634
-28050,    113
-29268,    908
-14584,   1699
  6074,   2503
 16703,   3378
  9449,   4396
 -7981,   5636
-19765,   7158
-16297,   8974
  -898,  11033
 15866,  13234
 25969,  15484
 27948,  17719
 24239,  19897
 17427,  22012
  9200,  24115
  1058,  26243
 -5320,  28356
 -8501,  30334
 -7796,  31961
 -3516,  32932
  3095,  32895
 10193,  31540
 15847,  28691
 18437,  24392
 16972,  18922
 11389,  12799
  2644,   6756
 -7548,   1602
-17209,  -1935
-24498,  -3324
-28045,  -2356
-27344,    783
-22931,   5503
-16164,  10832
 -8783,  15640
 -2555,  19069
  1079,  20755
  1429,  20132
 -1229,  15456
 -5826,   4725
-10885, -10591
-14850, -22897
-16420, -22396
-14971,  -6632
-10806,  14016
 -4987,  23151
  1025,  12746
  5657,  -9363
  7570, -26908
  6097, -29538
  1472, -19589
 -5287,  -6620
-12704,   2074
-19138,   5330
-23110,   5414
-23757,   4225
-21104,   2320
-15967,    -33
 -9692,  -2181
 -3911,  -3545
  -191,  -4049
   412,  -3401
 -2368,     34
 -8008,   8323
-15377,  20239
-22946,  28601
-29079,  24143
-32467,   4968
-32443, -18040
-29029, -28028
-22867, -16704
-15108,   7895
 -7161,  28767
  -331,  35196
  4466,  30691
  6889,  26647
  7123,  29130
  5583,  32326
  2715,  25063
  -399,   3976
 -1200, -20169
  3287, -30413
 12580, -18830
 19917,   6129
 16061,  27426
 -1210,  33987
-21613,  27561
-29206,  17286
-16671,  10232
  7595,   7534
 27104,   7060
 30873,   7133
 19204,   7448
  -769,   8031
-20736,   8488
-32354,   8177
-28405,   6593
 -8474,   3541
 16559,   -855
 30266,  -6165
 24253, -11746
  5753, -16834
 -9475, -20666
-11401, -22629
 -2551, -22374
  7511, -19868
 11713, -15365
  9308,  -9390
  3124,  -2671
 -4294,   4002
-11736,   9877
-18445,  14250
-23513,  16594
-26128,  16857
-25942,  15535
-23206,  12771
-18679,   7207
-13442,  -3092
 -8653, -16877
 -5331, -26996
 -4160, -24211
 -5334,  -6569
 -8511,  15227
-12889,  24672
-17409,  13825
-20961,  -9230
-22578, -27867
-21648, -31387
-18064, -21903
-12208,  -8877
 -4821,    403
  3115,   4677
 10543,   6021
 16561,   6124
 20586,   5357
 22389,   3733
 22061,   1592
 19970,   -581
 16664,  -2486
 12714,  -4150
  8580,  -5886
  4594,  -8113
   966, -11150
 -2205, -15082
 -4903, -19688
 -7113, -24382
 -8755, -28246
 -9725, -30247
 -9960, -29557
 -9462, -25755
 -8314, -18936
 -6729,  -9813
 -5076,    297
 -3776,   9756
 -3175,  17028
 -3482,  20945
 -4735,  20912
 -6735,  17119
 -9053,  10571
-11154,   2815
-12578,  -4493
-13043,  -9910
-12485, -12457
-11127, -11902
 -9473,  -8871
 -8133,  -4583
 -7593,   -430
 -8095,   2344
 -9567,   2897
-11557,   1099
-13268,  -2347
-13785,  -6167
-12376,  -8965
 -8685,  -9543
 -2845,  -7167
  4434,  -1886
 11895,   5348
 18019,  12972
 21416,  19312
 21111,  22941
 16753,  22965
  8799,  19394
 -1460,  13270
-12107,   6340
-21112,    516
-26940,  -2513
-28900,  -1647
-26598,   3205
-18973,  10974
 -5019,  19741
 12799,  27300
 26113,  31602
 24730,  31175
  6354,  25616
-17880,  15827
-30452,   3726
-22194,  -8290
   -36, -17794
 20216, -22812
 28013, -22401
 24769, -16954
 18629,  -8003
 15355,   2227
 14756,  11254
 13672,  16822
 10066,  17532
  4124,  13217
 -2927,   4868
 -9917,  -5701
-15860, -16199
-19901, -24295
-21550, -28235
-20918, -27264
-18623, -21667
-15584, -12559
-12855,  -1687
-11395,   8893
-11762,  17349
-13957,  22465
-17468,  23729
-21433,  21255
-24828,  15716
-26671,   8196
-26314,   -161
-23653,  -8428
-19160, -15843
-13698, -21826
 -8130, -26247
 -3062, -29445
   577, -31211
   629, -29602
 -5313, -22000
-16155,  -9096
-24619,   2277
-21131,   2878
 -3375,  -9675
 18178, -25564
 27129, -29403
 15586, -14326
 -8374,  10742
-28149,  28736
-32980,  29098
-24770,  14679
-12695,  -3893
 -3819, -18030
   731, -25296
  3038, -26943
  4600, -24426
  5385, -18586
  4944, -10493
  3285,  -1879
   782,   5284
 -2116,   9406
 -4972,   9728
 -7351,   6471
 -8869,    676
 -9252,  -6147
 -8375, -12338
 -6288, -16416
 -3234, -17476
   366, -15443
  3964, -10978
  6954,  -5197
  8740,    570
  8853,   5048
  7025,   7395
  3242,   7440
 -2215,   5614
 -8768,   2714
-15613,   -276
-21821,  -2401
-26475,  -3052
-28803,  -2168
-28324,   -140
-24979,   2408
-19170,   4781
-11704,   6375
 -3702,   6945
  3554,   6748
  8850,   6399
 11300,   6610
 10496,   8038
  6595,  11092
   329,  15714
 -7080,  21279
-14143,  26771
-19406,  31090
-21699,  33284
-20331,  32736
-15245,  29423
 -7063,  24028
  3042,  17727
 13610,  11864
 23129,   7697
 30258,   6137
 34089,   7446
 34296,  11113
 31046,  16006
 24939,  20693
 17122,  23719
  9173,  23891
  1991,  20608
 -5467,  14068
-15271,   5163
-26687,  -4791
-33334, -14283
-26851, -21880
 -6078, -26585
 17742, -28064
 27866, -26606
 16434, -22943
 -8101, -18089
-28569, -13122
-33697,  -8867
-25126,  -5691
-12037,  -3528
 -1698,  -2003
  4399,   -558
  7911,   1387
 10040,   4192
 10723,   7837
  9712,  11947
  7355,  15943
  4460,  19140
  1894,  20893
   325,  20821
   156,  18949
  1489,  15661
  4162,  11570
  7792,   7428
 11846,   3975
 15783,   1727
 19170,    854
 21706,   1202
 23214,   2386
 23656,   3888
 23103,   5171
 21675,   5841
 19484,   5786
 16646,   5138
 13321,   4190
  9713,   3336
  6047,   2975
  2573,   3373
  -422,   4572
 -2764,   6409
 -4429,   8604
 -5300,  10818
 -5096,  12702
 -4236,  14009
 -4892,  14669
 -9915,  14733
-18868,  14283
-25183,  13397
-19916,  12116
 -1085,  10373
 20940,   7980
 30142,   4732
 19063,    522
 -3874,  -4583
-21926, -10297
-24556, -16085
-14301, -21175
 -1183, -24709
  6984, -25956
  8612, -24441
  5748, -20051
   440, -13127
 -6195,  -4465
-13124,   4832
-18922,  13602
-22145,  20810
-21853,  25696
-17935,  27969
-11145,  27866
 -2905,  26026
  5065,  23309
 11055,  20608
 13692,  18659
 12289,  17834
  7022,  18036
 -1148,  18702
-10762,  19032
-20126,  18422
-27603,  16696
-32008,  13447
-32860,   7093
-30360,  -4227
-25240, -19017
-18593, -29765
-11644, -26867
 -5400,  -8198
  -425,  15418
  3180,  27121
  5687,  18557
  7644,  -2576
  9698, -19944
 12347, -22881
 15751, -13197
 19725,    124
 23829,  10215
 27453,  16090
 29945,  19862
 30845,  22913
 30041,  24947
 27761,  25182
 24484,  23366
 20889,  19770
 17705,  14911
 15505,   9497
 14575,   4456
 14889,    723
 16158,  -1037
 17894,   -539
 19498,   2064
 20423,   6131
 20324,  10594
 19068,  14237
 16705,  16050
 13471,  15455
  9739,  12419
  5901,   7550
  2300,   2073
  -719,  -2505
 -2850,  -4832
 -4092,  -3997
 -4827,    263
 -4918,   7393
 -2593,  16030
  4539,  24325
 15611,  30455
 23711,  33000
 19671,  31208
  1424,  25269
-20621,  16398
-30326,   6512
-20072,  -2296
  1854,  -8148
 18791,  -9740
 20196,  -6726
  8518,    143
 -6365,   9255
-16810,  18609
-21376,  26222
-22150,  30495
-21077,  30669
-19012,  27052
-16551,  20833
-14539,  13690
-13775,   7444
-14596,   3659
-16661,   3181
-19015,   5872
-20388,  10728
-19598,  16180
-15859,  20427
 -8982,  21826
   445,  19367
 11024,  12994
 20867,   3575
 28102,  -7319
 31227, -17673
 29393, -25427
 22702, -28997
 12298, -27636
    77, -21615
-11834, -12092
-21460,   -696
-27317,  10867
-28807,  20440
-26395,  24728
-21361,  20478
-15351,   8430
-10023,  -3910
 -6697,  -6233
 -5944,   4873
 -7385,  20222
 -9913,  24605
-12099,  10912
-12545, -12563
-10218, -29590
 -4857, -30323
  2822, -17959
 11346,  -3042
 18916,   6307
 23767,   8459
 24545,   5670
 20772,    325
 13078,  -6104
  3022, -12291
 -7298, -16641
-15618, -17715
-19953, -14768
-19135,  -8008
-13141,   1436
 -3099,  11778
  9053,  21006
 21143,  27275
 31250,  29262
 37411,  26512
 36935,  19600
 27434,  10033
 10534,   -169
 -5518,  -9090
 -9929, -15364
   800, -17760
 17150, -14365
 23291,  -3481
 11439,  12788
-10674,  26034
-27171,  25657
-28208,   8665
-16606, -14651
 -2313, -27558
  7110, -21401
 10408,  -3200
  9902,  11609
  7608,  13270
  4188,   4327
   -60,  -5840
 -4486, -10406
 -8285,  -8879
-10850,  -4254
-11874,   1008
-11283,   6114
 -9224,  10920
 -6001,  15126
 -1995,  18401
  2392,  20626
  6801,  21865
 10950,  22218
 14640,  21808
 17749,  20781
 20207,  19291
 21961,  17478
 22955,  15517
 23104,  13661
 22308,  12168
 20475,  11230
 17557,  10964
 13583,  11393
  8691,  12406
  3158,  13764
 -2614,  15166
 -8167,  16360
-13012,  17201
-16688,  17634
-18857,  17726
-19343,  17662
-18136,  17564
-15391,  17412
-11390,  17274
 -6510,  17360
 -1136,  17175
  4394,  14486
  9794,   6440
 14851,  -6432
 19429, -17331
 23427, -16950
 26764,  -2839
 29351,  15173
 31070,  21607
 31800,   9431
 31431, -12675
 29879, -27944
 27119, -26070
 23230, -10066
 18399,   9378
 12890,  23697
  7059,  30566
  1327,  31403
 -3877,  27842
 -8141,  20867
-11041,  11647
-12244,   1987
-11780,  -6103
-10143, -11035
 -7421, -12082
 -2191,  -9505
  7535,  -4410
 20552,   1568
 29724,   6600
 25795,   9043
  6802,   7854
-16553,   2873
-27806,  -5188
-19047, -14960
  1884, -24654
 18940, -32384
 21445, -36603
  9862, -36441
 -8725, -31790
-26306, -23239
-35058, -11976
-28410,    415
 -6655,  12330
 18650,  22434
 30609,  29781
 20702,  33884
 -3559,  34735
-25747,  32726
-34824,  28471
-32100,  22618
-25939,  15793
-22495,   8555
-22049,   1341
-21879,  -5522
-20140, -11762
-16874, -17101
-12910, -21273
 -8933, -24084
 -5492, -25414
 -3138, -25229
 -2363, -23653
 -3452, -20982
 -6401, -17631
-10908, -14040
-16409, -10634
-22132,  -7764
-27228,  -5618
-30910,  -4206
-32556,  -3388
-31803,  -2933
-28628,  -2586
-23349,  -2126
-16586,  -1430
 -9190,   -524
 -2124,    437
  3666,   1214
  7371,   1530
  8456,   1132
  6743,   -146
  2432,  -2342
 -3892,  -5340
-11326,  -8901
-18772, -12689
-25076, -16311
-29199, -19386
-30365, -21601
-28184, -22739
-22716, -22714
-14488, -21573
 -4428, -19464
  6263, -16589
 16266, -13173
 24322,  -9416
 29422,  -5423
 30947,  -1210
 28757,   3250
 23222,   8000
 15163,  13046
  5817,  18205
 -3393,  23105
-11307,  27443
-17274,  31099
-20465,  33353
-18876,  31899
-10315,  23947
  3802,  10203
 15788,  -2290
 15629,  -3942
   525,   7951
-19586,  23749
-28738,  28090
-19198,  14002
  1095,  -9819
 15967, -26621
 15371, -26111
  2119, -11296
-13774,   7156
-24690,  20694
-29106,  26992
-28833,  27440
-26114,  23589
-23699,  16285
-24720,   6541
-29405,  -3987
-32007, -13395
-24155, -20107
 -4029, -23284
 18212, -22937
 27057, -19803
 15717, -15076
 -6725, -10135
-23021,  -6248
-22414,  -4231
 -7601,  -4243
 10816,  -5831
 24206,  -8127
 30301, -10059
 30812, -10608
 27104,  -9132
 18308,  -5589
  3129,   -514
-15906,   5129
-30109,  10112
-29017,  13204
-10237,  13511
 15061,  10710
 29184,   5096
 22665,  -2472
  2047, -10703
-17266, -18111
-25066, -23368
-22995, -25574
-19247, -24466
-19418, -20417
-22947, -14152
-26162,  -6502
-26451,   1012
-23467,   5357
-18040,   3163
-11186,  -5286
 -4032, -13192
  2169, -11061
  6333,   3789
  7852,  21676
  6679,  27198
  3292,  13394
 -1391, -10987
 -6186, -29077
 -9954, -30354
-11858, -17464
-11473,   -653
 -8831,  11912
 -4438,  18190
   841,  19730
  5991,  18045
 10044,  13731
 12226,   7418
 12067,    376
  9469,  -5817
  4726,  -9810
 -1581, -10825
 -8702,  -8753
-15807,  -4136
-22102,   1976
-26956,   8228
-29955,  13221
-30949,  15821
-30041,  15384
-27557,  11862
-23990,   5791
-19924,  -1804
-15931,  -9602
-12485, -16281
 -9914, -20770
 -8344, -22431
 -7677, -21184
 -7632, -17537
 -7804, -12466
 -7728,  -7201
 -6986,  -3005
 -5288,   -920
 -2524,  -1535
  1185,  -4863
  5493, -10339
  9880, -16933
 13721, -23320
 16373, -28140
 17270, -30314
 16015, -29265
 12469, -24995
  6774, -18098
  -643,  -9684
 -9080,  -1127
-17641,   6292
-25332,  11631
-31184,  14422
-34390,  14801
-34409,  13494
-31068,  11574
-24625,  10108
-15758,   9904
 -5485,  11339
  4964,  14192
 14295,  17622
 21342,  20432
 25283,  21457
 25754,  19856
 22894,  15312
 17348,   8243
 10173,   -154
  2658,  -8197
 -3928, -14182
 -8526, -16716
-10446, -15012
 -9492,  -9200
 -5979,   -419
  -648,   9391
  5509,  18049
 11442,  23777
 16208,  25625
 19156,  23017
 20046,  14853
 19040,    226
 16605, -18208
 13425, -31835
 10255, -30226
  7757, -10945
  6381,  14851
  6315,  29460
  7517,  23421
  9760,   3283
 12674, -15550
 15859, -22859
 18991, -20262
 21815, -15952
 24139, -15605
 25843, -18831
 26840, -22171
 27024, -23270
 26249, -22030
 24360, -19425
 21236, -16411
 16840, -13812
 11255, -12355
  4741, -12411
 -2252, -13769
 -9135, -15732
-15277, -17328
-20078, -17530
-23074, -15490
-24048, -10855
-23085,  -3969
-20562,   4155
-17099,  12121
-13479,  18617
-10511,  22751
 -8878,  23548
 -9026,  19082
-11073,   7430
-14776,  -9660
-19563, -24152
-24609, -25729
-28976, -11498
-31763,   8417
-32252,  17680
-30031,   8153
-25077, -12577
-17772, -28567
 -8836, -29744
   755, -18605
  9920,  -4738
 17650,   4660
 23149,   8626
 25945,   9644
 25972,   9769
 23559,   9573
 19371,   9107
 14286,   8645
  9253,   8522
  5131,   8832
  2541,   9385
  1775,   9831
  2753,   9765
  5041,   8842
  7937,   6894
 10604,   3995
 12217,    474
 12118,  -3112
  9946,  -6065
  5700,  -7693
  -233,  -7436
 -7135,  -4986
-14076,   -384
-20056,   5956
-24160,  13275
-25727,  20593
-24453,  26848
-20440,  31042
-14169,  32420
 -6434,  30603
  1781,  25639
  9493,  17993
 15862,   8497
 20286,  -1762
 22496, -11620
 22564, -19994
 20846, -25998
 17863, -29069
 14185, -29018
 10343, -26018
  6721, -20546
  3503, -13285
   698,  -5039
 -1791,   3396
 -4103,  11333
 -6350,  18223
 -8565,  23694
-10643,  27562
-12376,  29784
-13544,  30412
-13959,  29558
-13511,  27385
-12234,  24100
-10329,  19967
 -8109,  15374
 -5902,  10807
 -3985,   6586
 -2535,   2743
 -1545,   -182
  -806,    -90
    18,   5621
  1291,  16151
  3326,  24507
  6287,  21300
 10103,   4152
 14440, -16853
 18756, -25883
 22409, -15588
 24772,   5576
 25359,  20923
 23962,  20044
 20734,   5662
 16165, -11927
 11002, -24500
  6153, -29946
  2512, -29760
   764, -25461
  1258, -17741
  3931,  -7513
  8295,   3529
 13503,  13514
 18495,  21044
 22198,  24756
 23728,  22402
 22542,  11860
 18571,  -5120
 12255, -20311
  4478, -23062
 -3584, -10006
-10648,   9281
-15550,  18940
-17473,  11099
-16094,  -6677
-11659, -18765
 -4963, -15713
  2766,   -872
 10072,  15274
 15511,  24804
 17903,  26355
 16555,  22438
 11412,  15610
  3093,   7395
 -7108,   -925
-17468,  -7830
-26345, -11936
-32542, -12462
-34742,  -9442
-30636,  -3657
-18001,   3566
  1466,  10692
 19501,  16290
 25297,  19273
 15196,  19147
 -1646,  16118
 -9809,  10981
 -1740,   4862
 14874,  -1024
 24529,  -5601
 18169,  -8208
  -211,  -8762
-19366,  -7684
-30701,  -5715
-32390,  -3738
-26780,  -2570
-16650,  -2707
 -4126,  -4162
  8666,  -6518
 19352,  -9087
 25838, -11065
 26912, -11714
 22593, -10618
 14102,  -7840
  3527,  -3875
 -6737,    492
-14468,   4320
-18033,   6712
-16805,   7079
-11345,   5297
 -3186,   1713
  5636,  -2952
 13002,  -7725
 17127, -11567
 17044, -13637
 12887, -13488
  5755, -11122
 -2665,  -6971
-10433,  -1836
-15733,   3265
-17379,   7330
-15119,   9569
 -9571,   9530
 -1933,   7160
  6269,   2825
 13476,  -2748
 18559,  -8632
 21108, -13860
 21362, -17556
 19977, -19071
 17851, -18076
 15879, -14607
 14601,  -9027
 13973,  -1957
 13489,   5802
 12432,  13395
 10053,  20030
  5788,  25072
  -444,  28117
 -8082,  29028
-16078,  27933
-23220,  25192
-28352,  21334
-30601,  16970
-29705,  12709
-26168,   9072
-21069,   6431
-15742,   4957
-11528,   4627
 -9498,   5225
-10105,   6377
-13030,   7628
-17320,   8498
-21695,   8546
-24817,   7436
-25564,   4989
-23379,   1211
-18481,  -3712
-11748,  -9412
 -4437, -15385
  2042, -21049
  6396, -25807
  7813, -29125
  6173, -30600
  1986, -30019
 -3821, -27393
-10103, -22968
-15694, -17216
-19739, -10778
-21908,  -4402
-22321,   1149
-21381,   5190
-19650,   7193
-17683,   6889
-15790,   4323
-13901,   -146
-11668,  -5792
 -8658, -11638
 -4501, -16833
   971, -20864
  7536, -22842
 14477, -20538
 20750, -11436
 25265,   3378
 27069,  16473
 25540,  17953
 20613,   4981
 12884, -12719
  3458, -19501
 -6351,  -7982
-15240,  13603
-22110,  28910
-26362,  27894
-28038,  13579
-27682,  -3595
-26090, -15508
-24131, -20408
-22563, -20295
-21783, -17242
-21715, -12419
-21992,  -6891
-22154,  -2082
-21555,    614
-19433,    353
-15958,  -2866
-13419,  -8211
-15074, -14245
-21016, -19289
-25218, -21780
-19151, -20592
  -940, -15349
 19333,  -6586
 26251,   4365
 13089,  15689
-11000,  25400
-28692,  31692
-29207,  33363
-15286,  30075
  2487,  22377
 15562,  11547
 21568,   -617
 21875, -12119
 18145, -21207
 11527, -26699
  3419, -28127
 -4213, -25778
 -9324, -20628
-10430, -14104
 -7117,  -7747
  -165,  -2892
  8731,   -443
 17480,   -692
 24028,  -3275
 26757,  -7284
 24967, -11489
 19132, -14616
 10670, -15605
  1469, -13869
 -6497,  -9448
-11558,  -3000
-12847,   4335
-10580,  11121
 -5856,  15923
  -244,  17656
  4565,  15813
  7116,  10570
  6676,   2783
  3497,  -6119
 -1365, -14416
 -6443, -20502
-10182, -23188
-11295, -21892
 -9219, -16804
 -4375,  -8879
  2010,    392
  8291,   9364
 12721,  16555
 13835,  20903
 10930,  22045
  4332,  20412
 -4731,  17056
-14471,  13340
-22861,  10645
-28031,  10060
-28780,  12055
-24901,  16321
-17154,  21798
 -7020,  27003
  3542,  30577
 12464,  31658
 18079,  29385
 19481,  22061
